#
# There is insufficient memory for the Java Runtime Environment to continue.
# Native memory allocation (malloc) failed to allocate 316288 bytes. Error detail: Chunk::new
# Possible reasons:
#   The system is out of physical RAM or swap space
#   This process is running with CompressedOops enabled, and the Java Heap may be blocking the growth of the native heap
# Possible solutions:
#   Reduce memory load on the system
#   Increase physical memory or swap space
#   Check if swap backing store is full
#   Decrease Java heap size (-Xmx/-Xms)
#   Decrease number of Java threads
#   Decrease Java thread stack sizes (-Xss)
#   Set larger code cache with -XX:ReservedCodeCacheSize=
#   JVM is running with Unscaled Compressed Oops mode in which the Java heap is
#     placed in the first 4GB address space. The Java Heap base address is the
#     maximum limit for the native heap growth. Please use -XX:HeapBaseMinAddress
#     to set the Java Heap base and to place the Java Heap above 4GB virtual address.
# This output file may be truncated or incomplete.
#
#  Out of Memory Error (arena.cpp:168), pid=38756, tid=12848
#
# JRE version: OpenJDK Runtime Environment (21.0.6) (build 21.0.6+-13368085-b895.109)
# Java VM: OpenJDK 64-Bit Server VM (21.0.6+-13368085-b895.109, mixed mode, tiered, compressed oops, compressed class ptrs, g1 gc, windows-amd64)
# No core dump will be written. Minidumps are not enabled by default on client versions of Windows
#

---------------  S U M M A R Y ------------

Command Line: --add-opens=java.base/java.lang=ALL-UNNAMED --add-opens=java.base/java.lang.invoke=ALL-UNNAMED --add-opens=java.base/java.util=ALL-UNNAMED --add-opens=java.prefs/java.util.prefs=ALL-UNNAMED --add-exports=jdk.compiler/com.sun.tools.javac.api=ALL-UNNAMED --add-exports=jdk.compiler/com.sun.tools.javac.util=ALL-UNNAMED --add-opens=java.base/java.util=ALL-UNNAMED --add-opens=java.prefs/java.util.prefs=ALL-UNNAMED --add-opens=java.base/java.nio.charset=ALL-UNNAMED --add-opens=java.base/java.net=ALL-UNNAMED --add-opens=java.base/java.util.concurrent.atomic=ALL-UNNAMED --add-opens=java.xml/javax.xml.namespace=ALL-UNNAMED -Xmx2048m -Dfile.encoding=UTF-8 -Duser.country=CO -Duser.language=es -Duser.variant -javaagent:C:\Users\david\.gradle\wrapper\dists\gradle-8.11.1-bin\bpt9gzteqjrbo1mjrsomdt32c\gradle-8.11.1\lib\agents\gradle-instrumentation-agent-8.11.1.jar org.gradle.launcher.daemon.bootstrap.GradleDaemon 8.11.1

Host: AMD Ryzen 7 5700U with Radeon Graphics         , 16 cores, 7G,  Windows 11 , 64 bit Build 26100 (10.0.26100.3912)
Time: Sun Jun  8 21:58:22 2025 Hora est. Pacífico, Sudamérica elapsed time: 20.840102 seconds (0d 0h 0m 20s)

---------------  T H R E A D  ---------------

Current thread (0x000001c0a98a2af0):  JavaThread "C2 CompilerThread0" daemon [_thread_in_native, id=12848, stack(0x000000973ab00000,0x000000973ac00000) (1024K)]


Current CompileTask:
C2:20840 4224       4       sun.net.util.URLUtil::urlNoFragString (143 bytes)

Stack: [0x000000973ab00000,0x000000973ac00000]
Native frames: (J=compiled Java code, j=interpreted, Vv=VM code, C=native code)
V  [jvm.dll+0x6d0639]
V  [jvm.dll+0x85eb03]
V  [jvm.dll+0x86105e]
V  [jvm.dll+0x861743]
V  [jvm.dll+0x27e6e6]
V  [jvm.dll+0xbff6d]
V  [jvm.dll+0xc04a3]
V  [jvm.dll+0x3b61ab]
V  [jvm.dll+0x3820c7]
V  [jvm.dll+0x38153a]
V  [jvm.dll+0x247c82]
V  [jvm.dll+0x247251]
V  [jvm.dll+0x1c5f04]
V  [jvm.dll+0x2569ac]
V  [jvm.dll+0x254ef6]
V  [jvm.dll+0x3f0e96]
V  [jvm.dll+0x806ed8]
V  [jvm.dll+0x6cef0d]
C  [ucrtbase.dll+0x37b0]
C  [KERNEL32.DLL+0x2e8d7]
C  [ntdll.dll+0x9c5dc]


---------------  P R O C E S S  ---------------

Threads class SMR info:
_java_thread_list=0x000001c0b165a900, length=48, elements={
0x000001c08f1b5f70, 0x000001c0a98401b0, 0x000001c0a98876b0, 0x000001c0a9884eb0,
0x000001c0a9865200, 0x000001c0a9865c50, 0x000001c0a986b280, 0x000001c0a98a2af0,
0x000001c0a98a40f0, 0x000001c0a99d1770, 0x000001c0a9b8b210, 0x000001c0af817ff0,
0x000001c0aefc4320, 0x000001c0af6c4ac0, 0x000001c0aeaa7c60, 0x000001c0aea6ecd0,
0x000001c0aecba2c0, 0x000001c0ae3bdc30, 0x000001c0aea068f0, 0x000001c0afb2ad80,
0x000001c0afb29340, 0x000001c0afb299d0, 0x000001c0afb28620, 0x000001c0afb2b410,
0x000001c0afb2a060, 0x000001c0afb2a6f0, 0x000001c0afb28cb0, 0x000001c0afb27f90,
0x000001c0b0593ae0, 0x000001c0b0594170, 0x000001c0b0593450, 0x000001c0b0591a10,
0x000001c0b05920a0, 0x000001c0b0592730, 0x000001c0b0592dc0, 0x000001c0b0594800,
0x000001c0b0591380, 0x000001c0b0595bb0, 0x000001c0b0597c80, 0x000001c0b0598310,
0x000001c0b0596240, 0x000001c0b0595520, 0x000001c0b0594e90, 0x000001c0b05968d0,
0x000001c0b0596f60, 0x000001c0b05989a0, 0x000001c0b043b320, 0x000001c0b043d3f0
}

Java Threads: ( => current thread )
  0x000001c08f1b5f70 JavaThread "main"                              [_thread_blocked, id=40332, stack(0x0000009739d00000,0x0000009739e00000) (1024K)]
  0x000001c0a98401b0 JavaThread "Reference Handler"          daemon [_thread_blocked, id=48392, stack(0x000000973a500000,0x000000973a600000) (1024K)]
  0x000001c0a98876b0 JavaThread "Finalizer"                  daemon [_thread_blocked, id=40996, stack(0x000000973a600000,0x000000973a700000) (1024K)]
  0x000001c0a9884eb0 JavaThread "Signal Dispatcher"          daemon [_thread_blocked, id=24800, stack(0x000000973a700000,0x000000973a800000) (1024K)]
  0x000001c0a9865200 JavaThread "Attach Listener"            daemon [_thread_blocked, id=7036, stack(0x000000973a800000,0x000000973a900000) (1024K)]
  0x000001c0a9865c50 JavaThread "Service Thread"             daemon [_thread_blocked, id=12252, stack(0x000000973a900000,0x000000973aa00000) (1024K)]
  0x000001c0a986b280 JavaThread "Monitor Deflation Thread"   daemon [_thread_blocked, id=21136, stack(0x000000973aa00000,0x000000973ab00000) (1024K)]
=>0x000001c0a98a2af0 JavaThread "C2 CompilerThread0"         daemon [_thread_in_native, id=12848, stack(0x000000973ab00000,0x000000973ac00000) (1024K)]
  0x000001c0a98a40f0 JavaThread "C1 CompilerThread0"         daemon [_thread_in_vm, id=44132, stack(0x000000973ac00000,0x000000973ad00000) (1024K)]
  0x000001c0a99d1770 JavaThread "Common-Cleaner"             daemon [_thread_blocked, id=42488, stack(0x000000973ad00000,0x000000973ae00000) (1024K)]
  0x000001c0a9b8b210 JavaThread "Notification Thread"        daemon [_thread_blocked, id=47792, stack(0x000000973af00000,0x000000973b000000) (1024K)]
  0x000001c0af817ff0 JavaThread "Daemon health stats"               [_thread_blocked, id=21728, stack(0x000000973b400000,0x000000973b500000) (1024K)]
  0x000001c0aefc4320 JavaThread "Incoming local TCP Connector on port 58291"        [_thread_in_native, id=11536, stack(0x000000973b500000,0x000000973b600000) (1024K)]
  0x000001c0af6c4ac0 JavaThread "Daemon periodic checks"            [_thread_blocked, id=38980, stack(0x000000973b600000,0x000000973b700000) (1024K)]
  0x000001c0aeaa7c60 JavaThread "Daemon"                            [_thread_blocked, id=38400, stack(0x000000973b700000,0x000000973b800000) (1024K)]
  0x000001c0aea6ecd0 JavaThread "Handler for socket connection from /127.0.0.1:58291 to /127.0.0.1:58292"        [_thread_in_native, id=46856, stack(0x000000973b800000,0x000000973b900000) (1024K)]
  0x000001c0aecba2c0 JavaThread "Cancel handler"                    [_thread_blocked, id=48952, stack(0x000000973b900000,0x000000973ba00000) (1024K)]
  0x000001c0ae3bdc30 JavaThread "Daemon worker"                     [_thread_in_Java, id=30568, stack(0x000000973ba00000,0x000000973bb00000) (1024K)]
  0x000001c0aea068f0 JavaThread "Asynchronous log dispatcher for DefaultDaemonConnection: socket connection from /127.0.0.1:58291 to /127.0.0.1:58292"        [_thread_blocked, id=44124, stack(0x000000973bb00000,0x000000973bc00000) (1024K)]
  0x000001c0afb2ad80 JavaThread "Stdin handler"                     [_thread_blocked, id=37732, stack(0x000000973bc00000,0x000000973bd00000) (1024K)]
  0x000001c0afb29340 JavaThread "Daemon client event forwarder"        [_thread_blocked, id=44224, stack(0x000000973bd00000,0x000000973be00000) (1024K)]
  0x000001c0afb299d0 JavaThread "Cache worker for journal cache (C:\Users\david\.gradle\caches\journal-1)"        [_thread_blocked, id=48988, stack(0x000000973c800000,0x000000973c900000) (1024K)]
  0x000001c0afb28620 JavaThread "File lock request listener"        [_thread_in_native, id=47252, stack(0x000000973c900000,0x000000973ca00000) (1024K)]
  0x000001c0afb2b410 JavaThread "Cache worker for file hash cache (C:\Users\david\.gradle\caches\8.11.1\fileHashes)"        [_thread_blocked, id=40460, stack(0x000000973ca00000,0x000000973cb00000) (1024K)]
  0x000001c0afb2a060 JavaThread "Cache worker for file content cache (C:\Users\david\.gradle\caches\8.11.1\fileContent)"        [_thread_blocked, id=29448, stack(0x000000973cc00000,0x000000973cd00000) (1024K)]
  0x000001c0afb2a6f0 JavaThread "Cache worker for file hash cache (C:\Users\david\AndroidStudioProjects\AthleticApp\.gradle\8.11.1\fileHashes)"        [_thread_blocked, id=44400, stack(0x000000973cd00000,0x000000973ce00000) (1024K)]
  0x000001c0afb28cb0 JavaThread "Cache worker for Build Output Cleanup Cache (C:\Users\david\AndroidStudioProjects\AthleticApp\.gradle\buildOutputCleanup)"        [_thread_blocked, id=41884, stack(0x000000973ce00000,0x000000973cf00000) (1024K)]
  0x000001c0afb27f90 JavaThread "File watcher server"        daemon [_thread_in_native, id=9324, stack(0x000000973cf00000,0x000000973d000000) (1024K)]
  0x000001c0b0593ae0 JavaThread "File watcher consumer"      daemon [_thread_blocked, id=35648, stack(0x000000973d000000,0x000000973d100000) (1024K)]
  0x000001c0b0594170 JavaThread "jar transforms"                    [_thread_blocked, id=46592, stack(0x000000973d100000,0x000000973d200000) (1024K)]
  0x000001c0b0593450 JavaThread "jar transforms Thread 2"           [_thread_blocked, id=47028, stack(0x000000973d200000,0x000000973d300000) (1024K)]
  0x000001c0b0591a10 JavaThread "jar transforms Thread 3"           [_thread_blocked, id=35584, stack(0x000000973d300000,0x000000973d400000) (1024K)]
  0x000001c0b05920a0 JavaThread "jar transforms Thread 4"           [_thread_blocked, id=37136, stack(0x000000973d400000,0x000000973d500000) (1024K)]
  0x000001c0b0592730 JavaThread "jar transforms Thread 5"           [_thread_blocked, id=30284, stack(0x000000973d500000,0x000000973d600000) (1024K)]
  0x000001c0b0592dc0 JavaThread "jar transforms Thread 6"           [_thread_blocked, id=47452, stack(0x000000973d600000,0x000000973d700000) (1024K)]
  0x000001c0b0594800 JavaThread "jar transforms Thread 7"           [_thread_blocked, id=34724, stack(0x000000973d700000,0x000000973d800000) (1024K)]
  0x000001c0b0591380 JavaThread "jar transforms Thread 8"           [_thread_blocked, id=36264, stack(0x000000973d800000,0x000000973d900000) (1024K)]
  0x000001c0b0595bb0 JavaThread "jar transforms Thread 9"           [_thread_blocked, id=14096, stack(0x000000973d900000,0x000000973da00000) (1024K)]
  0x000001c0b0597c80 JavaThread "jar transforms Thread 10"          [_thread_blocked, id=12660, stack(0x000000973da00000,0x000000973db00000) (1024K)]
  0x000001c0b0598310 JavaThread "jar transforms Thread 11"          [_thread_blocked, id=40484, stack(0x000000973db00000,0x000000973dc00000) (1024K)]
  0x000001c0b0596240 JavaThread "jar transforms Thread 12"          [_thread_blocked, id=38940, stack(0x000000973dc00000,0x000000973dd00000) (1024K)]
  0x000001c0b0595520 JavaThread "jar transforms Thread 13"          [_thread_blocked, id=37896, stack(0x000000973dd00000,0x000000973de00000) (1024K)]
  0x000001c0b0594e90 JavaThread "jar transforms Thread 14"          [_thread_blocked, id=32232, stack(0x000000973de00000,0x000000973df00000) (1024K)]
  0x000001c0b05968d0 JavaThread "jar transforms Thread 15"          [_thread_blocked, id=44248, stack(0x000000973df00000,0x000000973e000000) (1024K)]
  0x000001c0b0596f60 JavaThread "jar transforms Thread 16"          [_thread_blocked, id=47892, stack(0x000000973e000000,0x000000973e100000) (1024K)]
  0x000001c0b05989a0 JavaThread "Cache worker for checksums cache (C:\Users\david\AndroidStudioProjects\AthleticApp\.gradle\8.11.1\checksums)"        [_thread_blocked, id=44776, stack(0x000000973cb00000,0x000000973cc00000) (1024K)]
  0x000001c0b043b320 JavaThread "Cache worker for cache directory md-rule (C:\Users\david\.gradle\caches\8.11.1\md-rule)"        [_thread_blocked, id=32840, stack(0x000000973e100000,0x000000973e200000) (1024K)]
  0x000001c0b043d3f0 JavaThread "Cache worker for cache directory md-supplier (C:\Users\david\.gradle\caches\8.11.1\md-supplier)"        [_thread_blocked, id=46196, stack(0x000000973e200000,0x000000973e300000) (1024K)]
Total: 48

Other Threads:
  0x000001c0a97ea080 VMThread "VM Thread"                           [id=33620, stack(0x000000973a400000,0x000000973a500000) (1024K)]
  0x000001c0a9651270 WatcherThread "VM Periodic Task Thread"        [id=8236, stack(0x000000973a300000,0x000000973a400000) (1024K)]
  0x000001c0915521b0 WorkerThread "GC Thread#0"                     [id=25240, stack(0x0000009739e00000,0x0000009739f00000) (1024K)]
  0x000001c0ae3de9a0 WorkerThread "GC Thread#1"                     [id=48312, stack(0x000000973b000000,0x000000973b100000) (1024K)]
  0x000001c0ae4296c0 WorkerThread "GC Thread#2"                     [id=34184, stack(0x000000973b100000,0x000000973b200000) (1024K)]
  0x000001c0ae429a60 WorkerThread "GC Thread#3"                     [id=44508, stack(0x000000973b200000,0x000000973b300000) (1024K)]
  0x000001c0aee96520 WorkerThread "GC Thread#4"                     [id=46744, stack(0x000000973b300000,0x000000973b400000) (1024K)]
  0x000001c0a9a4efe0 WorkerThread "GC Thread#5"                     [id=48680, stack(0x000000973be00000,0x000000973bf00000) (1024K)]
  0x000001c0afbbb6a0 WorkerThread "GC Thread#6"                     [id=46116, stack(0x000000973bf00000,0x000000973c000000) (1024K)]
  0x000001c0a9a4d5b0 WorkerThread "GC Thread#7"                     [id=47640, stack(0x000000973c000000,0x000000973c100000) (1024K)]
  0x000001c0aef69c70 WorkerThread "GC Thread#8"                     [id=6196, stack(0x000000973c100000,0x000000973c200000) (1024K)]
  0x000001c0aef6a750 WorkerThread "GC Thread#9"                     [id=45168, stack(0x000000973c200000,0x000000973c300000) (1024K)]
  0x000001c0aef6ae90 WorkerThread "GC Thread#10"                    [id=12188, stack(0x000000973c300000,0x000000973c400000) (1024K)]
  0x000001c0aef6b230 WorkerThread "GC Thread#11"                    [id=31488, stack(0x000000973c400000,0x000000973c500000) (1024K)]
  0x000001c0aef6a3b0 WorkerThread "GC Thread#12"                    [id=48648, stack(0x000000973c500000,0x000000973c600000) (1024K)]
  0x000001c0915630a0 ConcurrentGCThread "G1 Main Marker"            [id=2440, stack(0x0000009739f00000,0x000000973a000000) (1024K)]
  0x000001c0915648f0 WorkerThread "G1 Conc#0"                       [id=30916, stack(0x000000973a000000,0x000000973a100000) (1024K)]
  0x000001c0aef6b5d0 WorkerThread "G1 Conc#1"                       [id=35332, stack(0x000000973c600000,0x000000973c700000) (1024K)]
  0x000001c0aef6a010 WorkerThread "G1 Conc#2"                       [id=47276, stack(0x000000973c700000,0x000000973c800000) (1024K)]
  0x000001c0a95215d0 ConcurrentGCThread "G1 Refine#0"               [id=43288, stack(0x000000973a100000,0x000000973a200000) (1024K)]
  0x000001c0a9522f00 ConcurrentGCThread "G1 Service"                [id=16172, stack(0x000000973a200000,0x000000973a300000) (1024K)]
Total: 21

Threads with active compile tasks:
C2 CompilerThread0  20868 4224       4       sun.net.util.URLUtil::urlNoFragString (143 bytes)
Total: 1

VM state: not at safepoint (normal execution)

VM Mutex/Monitor currently owned by a thread: None

Heap address: 0x0000000080000000, size: 2048 MB, Compressed Oops mode: 32-bit

CDS archive(s) not mapped
Compressed class space mapped at: 0x0000000100000000-0x0000000140000000, reserved size: 1073741824
Narrow klass base: 0x0000000000000000, Narrow klass shift: 3, Narrow klass range: 0x140000000

GC Precious Log:
 CardTable entry size: 512
 Card Set container configuration: InlinePtr #cards 5 size 8 Array Of Cards #cards 12 size 40 Howl #buckets 4 coarsen threshold 1843 Howl Bitmap #cards 512 size 80 coarsen threshold 460 Card regions per heap region 1 cards per card region 2048
 CPUs: 16 total, 16 available
 Memory: 7501M
 Large Page Support: Disabled
 NUMA Support: Disabled
 Compressed Oops: Enabled (32-bit)
 Heap Region Size: 1M
 Heap Min Capacity: 8M
 Heap Initial Capacity: 118M
 Heap Max Capacity: 2G
 Pre-touch: Disabled
 Parallel Workers: 13
 Concurrent Workers: 3
 Concurrent Refinement Workers: 13
 Periodic GC: Disabled

Heap:
 garbage-first heap   total 84992K, used 50193K [0x0000000080000000, 0x0000000100000000)
  region size 1024K, 8 young (8192K), 3 survivors (3072K)
 Metaspace       used 45157K, committed 46400K, reserved 1114112K
  class space    used 6185K, committed 6784K, reserved 1048576K

Heap Regions: E=young(eden), S=young(survivor), O=old, HS=humongous(starts), HC=humongous(continues), CS=collection set, F=free, TAMS=top-at-mark-start, PB=parsable bottom
|   0|0x0000000080000000, 0x0000000080100000, 0x0000000080100000|100%| O|  |TAMS 0x0000000080000000| PB 0x0000000080000000| Untracked 
|   1|0x0000000080100000, 0x0000000080200000, 0x0000000080200000|100%|HS|  |TAMS 0x0000000080100000| PB 0x0000000080100000| Complete 
|   2|0x0000000080200000, 0x0000000080300000, 0x0000000080300000|100%|HC|  |TAMS 0x0000000080200000| PB 0x0000000080200000| Complete 
|   3|0x0000000080300000, 0x0000000080400000, 0x0000000080400000|100%|HC|  |TAMS 0x0000000080300000| PB 0x0000000080300000| Complete 
|   4|0x0000000080400000, 0x0000000080500000, 0x0000000080500000|100%| O|  |TAMS 0x0000000080400000| PB 0x0000000080400000| Untracked 
|   5|0x0000000080500000, 0x0000000080600000, 0x0000000080600000|100%| O|  |TAMS 0x0000000080500000| PB 0x0000000080500000| Untracked 
|   6|0x0000000080600000, 0x0000000080600000, 0x0000000080700000|  0%| F|  |TAMS 0x0000000080600000| PB 0x0000000080600000| Untracked 
|   7|0x0000000080700000, 0x0000000080800000, 0x0000000080800000|100%|HS|  |TAMS 0x0000000080700000| PB 0x0000000080700000| Complete 
|   8|0x0000000080800000, 0x0000000080900000, 0x0000000080900000|100%| O|  |TAMS 0x0000000080800000| PB 0x0000000080800000| Untracked 
|   9|0x0000000080900000, 0x0000000080a00000, 0x0000000080a00000|100%| O|  |TAMS 0x0000000080900000| PB 0x0000000080900000| Untracked 
|  10|0x0000000080a00000, 0x0000000080b00000, 0x0000000080b00000|100%| O|  |TAMS 0x0000000080a00000| PB 0x0000000080a00000| Untracked 
|  11|0x0000000080b00000, 0x0000000080c00000, 0x0000000080c00000|100%| O|  |TAMS 0x0000000080b00000| PB 0x0000000080b00000| Untracked 
|  12|0x0000000080c00000, 0x0000000080d00000, 0x0000000080d00000|100%| O|  |TAMS 0x0000000080c00000| PB 0x0000000080c00000| Untracked 
|  13|0x0000000080d00000, 0x0000000080e00000, 0x0000000080e00000|100%|HS|  |TAMS 0x0000000080d00000| PB 0x0000000080d00000| Complete 
|  14|0x0000000080e00000, 0x0000000080f00000, 0x0000000080f00000|100%|HC|  |TAMS 0x0000000080e00000| PB 0x0000000080e00000| Complete 
|  15|0x0000000080f00000, 0x0000000081000000, 0x0000000081000000|100%|HC|  |TAMS 0x0000000080f00000| PB 0x0000000080f00000| Complete 
|  16|0x0000000081000000, 0x0000000081100000, 0x0000000081100000|100%|HC|  |TAMS 0x0000000081000000| PB 0x0000000081000000| Complete 
|  17|0x0000000081100000, 0x0000000081200000, 0x0000000081200000|100%|HC|  |TAMS 0x0000000081100000| PB 0x0000000081100000| Complete 
|  18|0x0000000081200000, 0x0000000081300000, 0x0000000081300000|100%|HC|  |TAMS 0x0000000081200000| PB 0x0000000081200000| Complete 
|  19|0x0000000081300000, 0x0000000081400000, 0x0000000081400000|100%| O|  |TAMS 0x0000000081300000| PB 0x0000000081300000| Untracked 
|  20|0x0000000081400000, 0x0000000081500000, 0x0000000081500000|100%| O|  |TAMS 0x0000000081400000| PB 0x0000000081400000| Untracked 
|  21|0x0000000081500000, 0x0000000081600000, 0x0000000081600000|100%|HS|  |TAMS 0x0000000081500000| PB 0x0000000081500000| Complete 
|  22|0x0000000081600000, 0x0000000081700000, 0x0000000081700000|100%| O|  |TAMS 0x0000000081600000| PB 0x0000000081600000| Untracked 
|  23|0x0000000081700000, 0x0000000081800000, 0x0000000081800000|100%| O|  |TAMS 0x0000000081700000| PB 0x0000000081700000| Untracked 
|  24|0x0000000081800000, 0x0000000081900000, 0x0000000081900000|100%| O|  |TAMS 0x0000000081800000| PB 0x0000000081800000| Untracked 
|  25|0x0000000081900000, 0x0000000081a00000, 0x0000000081a00000|100%| O|Cm|TAMS 0x0000000081900000| PB 0x0000000081900000| Complete 
|  26|0x0000000081a00000, 0x0000000081a976e8, 0x0000000081b00000| 59%| O|  |TAMS 0x0000000081a00000| PB 0x0000000081a00000| Untracked 
|  27|0x0000000081b00000, 0x0000000081b00000, 0x0000000081c00000|  0%| F|  |TAMS 0x0000000081b00000| PB 0x0000000081b00000| Untracked 
|  28|0x0000000081c00000, 0x0000000081d00000, 0x0000000081d00000|100%|HS|  |TAMS 0x0000000081c00000| PB 0x0000000081c00000| Complete 
|  29|0x0000000081d00000, 0x0000000081e00000, 0x0000000081e00000|100%|HC|  |TAMS 0x0000000081d00000| PB 0x0000000081d00000| Complete 
|  30|0x0000000081e00000, 0x0000000081f00000, 0x0000000081f00000|100%|HC|  |TAMS 0x0000000081e00000| PB 0x0000000081e00000| Complete 
|  31|0x0000000081f00000, 0x0000000082000000, 0x0000000082000000|100%|HC|  |TAMS 0x0000000081f00000| PB 0x0000000081f00000| Complete 
|  32|0x0000000082000000, 0x0000000082100000, 0x0000000082100000|100%|HS|  |TAMS 0x0000000082000000| PB 0x0000000082000000| Complete 
|  33|0x0000000082100000, 0x0000000082200000, 0x0000000082200000|100%|HC|  |TAMS 0x0000000082100000| PB 0x0000000082100000| Complete 
|  34|0x0000000082200000, 0x0000000082300000, 0x0000000082300000|100%| O|  |TAMS 0x0000000082200000| PB 0x0000000082200000| Untracked 
|  35|0x0000000082300000, 0x0000000082400000, 0x0000000082400000|100%| O|  |TAMS 0x0000000082300000| PB 0x0000000082300000| Untracked 
|  36|0x0000000082400000, 0x0000000082500000, 0x0000000082500000|100%| O|  |TAMS 0x0000000082400000| PB 0x0000000082400000| Untracked 
|  37|0x0000000082500000, 0x0000000082600000, 0x0000000082600000|100%| O|  |TAMS 0x0000000082500000| PB 0x0000000082500000| Untracked 
|  38|0x0000000082600000, 0x0000000082700000, 0x0000000082700000|100%| O|  |TAMS 0x0000000082600000| PB 0x0000000082600000| Untracked 
|  39|0x0000000082700000, 0x0000000082700000, 0x0000000082800000|  0%| F|  |TAMS 0x0000000082700000| PB 0x0000000082700000| Untracked 
|  40|0x0000000082800000, 0x0000000082800000, 0x0000000082900000|  0%| F|  |TAMS 0x0000000082800000| PB 0x0000000082800000| Untracked 
|  41|0x0000000082900000, 0x0000000082900000, 0x0000000082a00000|  0%| F|  |TAMS 0x0000000082900000| PB 0x0000000082900000| Untracked 
|  42|0x0000000082a00000, 0x0000000082a00000, 0x0000000082b00000|  0%| F|  |TAMS 0x0000000082a00000| PB 0x0000000082a00000| Untracked 
|  43|0x0000000082b00000, 0x0000000082b00000, 0x0000000082c00000|  0%| F|  |TAMS 0x0000000082b00000| PB 0x0000000082b00000| Untracked 
|  44|0x0000000082c00000, 0x0000000082c00000, 0x0000000082d00000|  0%| F|  |TAMS 0x0000000082c00000| PB 0x0000000082c00000| Untracked 
|  45|0x0000000082d00000, 0x0000000082d00000, 0x0000000082e00000|  0%| F|  |TAMS 0x0000000082d00000| PB 0x0000000082d00000| Untracked 
|  46|0x0000000082e00000, 0x0000000082e00000, 0x0000000082f00000|  0%| F|  |TAMS 0x0000000082e00000| PB 0x0000000082e00000| Untracked 
|  47|0x0000000082f00000, 0x0000000082f00000, 0x0000000083000000|  0%| F|  |TAMS 0x0000000082f00000| PB 0x0000000082f00000| Untracked 
|  48|0x0000000083000000, 0x0000000083000000, 0x0000000083100000|  0%| F|  |TAMS 0x0000000083000000| PB 0x0000000083000000| Untracked 
|  49|0x0000000083100000, 0x000000008316cdf8, 0x0000000083200000| 42%| S|CS|TAMS 0x0000000083100000| PB 0x0000000083100000| Complete 
|  50|0x0000000083200000, 0x0000000083300000, 0x0000000083300000|100%| S|CS|TAMS 0x0000000083200000| PB 0x0000000083200000| Complete 
|  51|0x0000000083300000, 0x0000000083400000, 0x0000000083400000|100%| S|CS|TAMS 0x0000000083300000| PB 0x0000000083300000| Complete 
|  52|0x0000000083400000, 0x0000000083400000, 0x0000000083500000|  0%| F|  |TAMS 0x0000000083400000| PB 0x0000000083400000| Untracked 
|  53|0x0000000083500000, 0x0000000083500000, 0x0000000083600000|  0%| F|  |TAMS 0x0000000083500000| PB 0x0000000083500000| Untracked 
|  54|0x0000000083600000, 0x0000000083600000, 0x0000000083700000|  0%| F|  |TAMS 0x0000000083600000| PB 0x0000000083600000| Untracked 
|  55|0x0000000083700000, 0x0000000083700000, 0x0000000083800000|  0%| F|  |TAMS 0x0000000083700000| PB 0x0000000083700000| Untracked 
|  56|0x0000000083800000, 0x0000000083800000, 0x0000000083900000|  0%| F|  |TAMS 0x0000000083800000| PB 0x0000000083800000| Untracked 
|  57|0x0000000083900000, 0x0000000083900000, 0x0000000083a00000|  0%| F|  |TAMS 0x0000000083900000| PB 0x0000000083900000| Untracked 
|  58|0x0000000083a00000, 0x0000000083a00000, 0x0000000083b00000|  0%| F|  |TAMS 0x0000000083a00000| PB 0x0000000083a00000| Untracked 
|  59|0x0000000083b00000, 0x0000000083b00000, 0x0000000083c00000|  0%| F|  |TAMS 0x0000000083b00000| PB 0x0000000083b00000| Untracked 
|  60|0x0000000083c00000, 0x0000000083c00000, 0x0000000083d00000|  0%| F|  |TAMS 0x0000000083c00000| PB 0x0000000083c00000| Untracked 
|  61|0x0000000083d00000, 0x0000000083d00000, 0x0000000083e00000|  0%| F|  |TAMS 0x0000000083d00000| PB 0x0000000083d00000| Untracked 
|  62|0x0000000083e00000, 0x0000000083e00000, 0x0000000083f00000|  0%| F|  |TAMS 0x0000000083e00000| PB 0x0000000083e00000| Untracked 
|  63|0x0000000083f00000, 0x0000000083f00000, 0x0000000084000000|  0%| F|  |TAMS 0x0000000083f00000| PB 0x0000000083f00000| Untracked 
|  64|0x0000000084000000, 0x0000000084000000, 0x0000000084100000|  0%| F|  |TAMS 0x0000000084000000| PB 0x0000000084000000| Untracked 
|  65|0x0000000084100000, 0x0000000084100000, 0x0000000084200000|  0%| F|  |TAMS 0x0000000084100000| PB 0x0000000084100000| Untracked 
|  66|0x0000000084200000, 0x0000000084200000, 0x0000000084300000|  0%| F|  |TAMS 0x0000000084200000| PB 0x0000000084200000| Untracked 
|  81|0x0000000085100000, 0x0000000085100000, 0x0000000085200000|  0%| F|  |TAMS 0x0000000085100000| PB 0x0000000085100000| Untracked 
|  82|0x0000000085200000, 0x0000000085200000, 0x0000000085300000|  0%| F|  |TAMS 0x0000000085200000| PB 0x0000000085200000| Untracked 
|  83|0x0000000085300000, 0x0000000085300000, 0x0000000085400000|  0%| F|  |TAMS 0x0000000085300000| PB 0x0000000085300000| Untracked 
|  84|0x0000000085400000, 0x0000000085400000, 0x0000000085500000|  0%| F|  |TAMS 0x0000000085400000| PB 0x0000000085400000| Untracked 
|  85|0x0000000085500000, 0x0000000085500000, 0x0000000085600000|  0%| F|  |TAMS 0x0000000085500000| PB 0x0000000085500000| Untracked 
|  86|0x0000000085600000, 0x00000000856cd1f0, 0x0000000085700000| 80%| E|  |TAMS 0x0000000085600000| PB 0x0000000085600000| Complete 
|  87|0x0000000085700000, 0x0000000085800000, 0x0000000085800000|100%| E|CS|TAMS 0x0000000085700000| PB 0x0000000085700000| Complete 
|  88|0x0000000085800000, 0x0000000085900000, 0x0000000085900000|100%| E|CS|TAMS 0x0000000085800000| PB 0x0000000085800000| Complete 
|  89|0x0000000085900000, 0x0000000085a00000, 0x0000000085a00000|100%| E|CS|TAMS 0x0000000085900000| PB 0x0000000085900000| Complete 
| 117|0x0000000087500000, 0x0000000087600000, 0x0000000087600000|100%| E|CS|TAMS 0x0000000087500000| PB 0x0000000087500000| Complete 
|2042|0x00000000ffa00000, 0x00000000ffb00000, 0x00000000ffb00000|100%| O|  |TAMS 0x00000000ffa00000| PB 0x00000000ffa00000| Untracked 
|2043|0x00000000ffb00000, 0x00000000ffc00000, 0x00000000ffc00000|100%| O|  |TAMS 0x00000000ffb00000| PB 0x00000000ffb00000| Untracked 
|2044|0x00000000ffc00000, 0x00000000ffd00000, 0x00000000ffd00000|100%| O|  |TAMS 0x00000000ffc00000| PB 0x00000000ffc00000| Untracked 
|2045|0x00000000ffd00000, 0x00000000ffe00000, 0x00000000ffe00000|100%| O|  |TAMS 0x00000000ffd00000| PB 0x00000000ffd00000| Untracked 
|2046|0x00000000ffe00000, 0x00000000fff00000, 0x00000000fff00000|100%| O|  |TAMS 0x00000000ffe00000| PB 0x00000000ffe00000| Untracked 
|2047|0x00000000fff00000, 0x0000000100000000, 0x0000000100000000|100%| O|  |TAMS 0x00000000fff00000| PB 0x00000000fff00000| Untracked 

Card table byte_map: [0x000001c0a42e0000,0x000001c0a46e0000] _byte_map_base: 0x000001c0a3ee0000

Marking Bits: (CMBitMap*) 0x000001c0915527c0
 Bits: [0x000001c0a46e0000, 0x000001c0a66e0000)

Polling page: 0x000001c08f340000

Metaspace:

Usage:
  Non-class:     38.07 MB used.
      Class:      6.04 MB used.
       Both:     44.11 MB used.

Virtual space:
  Non-class space:       64.00 MB reserved,      38.69 MB ( 60%) committed,  1 nodes.
      Class space:        1.00 GB reserved,       6.62 MB ( <1%) committed,  1 nodes.
             Both:        1.06 GB reserved,      45.31 MB (  4%) committed. 

Chunk freelists:
   Non-Class:  8.83 MB
       Class:  9.20 MB
        Both:  18.03 MB

MaxMetaspaceSize: unlimited
CompressedClassSpaceSize: 1.00 GB
Initial GC threshold: 21.00 MB
Current GC threshold: 74.50 MB
CDS: off
 - commit_granule_bytes: 65536.
 - commit_granule_words: 8192.
 - virtual_space_node_default_size: 8388608.
 - enlarge_chunks_in_place: 1.
 - use_allocation_guard: 0.


Internal statistics:

num_allocs_failed_limit: 8.
num_arena_births: 2284.
num_arena_deaths: 0.
num_vsnodes_births: 2.
num_vsnodes_deaths: 0.
num_space_committed: 725.
num_space_uncommitted: 0.
num_chunks_returned_to_freelist: 8.
num_chunks_taken_from_freelist: 4072.
num_chunk_merges: 8.
num_chunk_splits: 2580.
num_chunks_enlarged: 1552.
num_inconsistent_stats: 0.

CodeHeap 'non-profiled nmethods': size=119168Kb used=1902Kb max_used=2151Kb free=117265Kb
 bounds [0x000001c09c1f0000, 0x000001c09c460000, 0x000001c0a3650000]
CodeHeap 'profiled nmethods': size=119104Kb used=7126Kb max_used=7557Kb free=111977Kb
 bounds [0x000001c094650000, 0x000001c094dc0000, 0x000001c09baa0000]
CodeHeap 'non-nmethods': size=7488Kb used=3019Kb max_used=3019Kb free=4468Kb
 bounds [0x000001c09baa0000, 0x000001c09be30000, 0x000001c09c1f0000]
 total_blobs=4344 nmethods=3658 adapters=588
 compilation: enabled
              stopped_count=0, restarted_count=0
 full_count=0

Compilation events (20 events):
Event: 18.786 Thread 0x000001c0a98a2af0 4217       4       java.lang.StringConcatHelper::stringOf (20 bytes)
Event: 18.787 Thread 0x000001c0a98a2af0 nmethod 4217 0x000001c09c2e4f90 code [0x000001c09c2e5120, 0x000001c09c2e51c8]
Event: 18.787 Thread 0x000001c0a98a2af0 4218       4       java.lang.StringConcatHelper::mix (27 bytes)
Event: 18.787 Thread 0x000001c0a98a2af0 nmethod 4218 0x000001c09c21b590 code [0x000001c09c21b720, 0x000001c09c21b800]
Event: 18.796 Thread 0x000001c0a98a40f0 4219       1       java.net.InetAddress::holder (5 bytes)
Event: 18.796 Thread 0x000001c0a98a40f0 nmethod 4219 0x000001c09c2e6f10 code [0x000001c09c2e70a0, 0x000001c09c2e7168]
Event: 18.799 Thread 0x000001c0a98a40f0 4220   !   3       java.lang.ClassLoader::loadClass (121 bytes)
Event: 18.800 Thread 0x000001c0a98a40f0 nmethod 4220 0x000001c0948df290 code [0x000001c0948df560, 0x000001c0948e01b0]
Event: 18.805 Thread 0x000001c0a98a2af0 4221       4       java.util.zip.ZipFile$InflaterCleanupAction::run (12 bytes)
Event: 18.810 Thread 0x000001c0a98a2af0 nmethod 4221 0x000001c09c2f4e10 code [0x000001c09c2f5000, 0x000001c09c2f59f0]
Event: 18.810 Thread 0x000001c0a98a2af0 4222   !   4       java.util.zip.ZipFile$CleanableResource::releaseInflater (53 bytes)
Event: 18.815 Thread 0x000001c0a98a2af0 nmethod 4222 0x000001c09c334410 code [0x000001c09c334600, 0x000001c09c334fa8]
Event: 18.815 Thread 0x000001c0a98a2af0 4223   !   4       java.util.zip.Inflater::reset (64 bytes)
Event: 18.816 Thread 0x000001c0a98a40f0 4225       3       java.lang.invoke.MethodHandles$Lookup::getDirectConstructorNoSecurityManager (10 bytes)
Event: 18.816 Thread 0x000001c0a98a40f0 nmethod 4225 0x000001c0946e6710 code [0x000001c0946e68c0, 0x000001c0946e6a00]
Event: 18.817 Thread 0x000001c0a98a2af0 nmethod 4223 0x000001c09c27b510 code [0x000001c09c27b6c0, 0x000001c09c27bb88]
Event: 18.817 Thread 0x000001c0a98a2af0 4226       4       java.nio.DirectIntBufferU::ix (10 bytes)
Event: 18.817 Thread 0x000001c0a98a2af0 nmethod 4226 0x000001c09c215210 code [0x000001c09c2153a0, 0x000001c09c215430]
Event: 18.817 Thread 0x000001c0a98a2af0 4224       4       sun.net.util.URLUtil::urlNoFragString (143 bytes)
Event: 19.406 Thread 0x000001c0a98a40f0 4228       3       javax.management.ObjectName::construct (1135 bytes)

GC Heap History (20 events):
Event: 1.881 GC heap before
{Heap before GC invocations=0 (full 0):
 garbage-first heap   total 120832K, used 22528K [0x0000000080000000, 0x0000000100000000)
  region size 1024K, 23 young (23552K), 0 survivors (0K)
 Metaspace       used 8021K, committed 8192K, reserved 1114112K
  class space    used 712K, committed 768K, reserved 1048576K
}
Event: 1.894 GC heap after
{Heap after GC invocations=1 (full 0):
 garbage-first heap   total 120832K, used 3436K [0x0000000080000000, 0x0000000100000000)
  region size 1024K, 3 young (3072K), 3 survivors (3072K)
 Metaspace       used 8021K, committed 8192K, reserved 1114112K
  class space    used 712K, committed 768K, reserved 1048576K
}
Event: 4.398 GC heap before
{Heap before GC invocations=1 (full 0):
 garbage-first heap   total 120832K, used 39276K [0x0000000080000000, 0x0000000100000000)
  region size 1024K, 36 young (36864K), 3 survivors (3072K)
 Metaspace       used 12235K, committed 12416K, reserved 1114112K
  class space    used 1278K, committed 1408K, reserved 1048576K
}
Event: 4.415 GC heap after
{Heap after GC invocations=2 (full 0):
 garbage-first heap   total 120832K, used 11134K [0x0000000080000000, 0x0000000100000000)
  region size 1024K, 5 young (5120K), 5 survivors (5120K)
 Metaspace       used 12235K, committed 12416K, reserved 1114112K
  class space    used 1278K, committed 1408K, reserved 1048576K
}
Event: 6.378 GC heap before
{Heap before GC invocations=2 (full 0):
 garbage-first heap   total 120832K, used 57214K [0x0000000080000000, 0x0000000100000000)
  region size 1024K, 48 young (49152K), 5 survivors (5120K)
 Metaspace       used 12576K, committed 12800K, reserved 1114112K
  class space    used 1334K, committed 1472K, reserved 1048576K
}
Event: 6.398 GC heap after
{Heap after GC invocations=3 (full 0):
 garbage-first heap   total 120832K, used 16973K [0x0000000080000000, 0x0000000100000000)
  region size 1024K, 5 young (5120K), 5 survivors (5120K)
 Metaspace       used 12576K, committed 12800K, reserved 1114112K
  class space    used 1334K, committed 1472K, reserved 1048576K
}
Event: 8.890 GC heap before
{Heap before GC invocations=3 (full 0):
 garbage-first heap   total 120832K, used 43597K [0x0000000080000000, 0x0000000100000000)
  region size 1024K, 33 young (33792K), 5 survivors (5120K)
 Metaspace       used 21173K, committed 21504K, reserved 1114112K
  class space    used 2414K, committed 2560K, reserved 1048576K
}
Event: 8.898 GC heap after
{Heap after GC invocations=4 (full 0):
 garbage-first heap   total 120832K, used 20401K [0x0000000080000000, 0x0000000100000000)
  region size 1024K, 9 young (9216K), 9 survivors (9216K)
 Metaspace       used 21173K, committed 21504K, reserved 1114112K
  class space    used 2414K, committed 2560K, reserved 1048576K
}
Event: 10.968 GC heap before
{Heap before GC invocations=5 (full 0):
 garbage-first heap   total 71680K, used 69553K [0x0000000080000000, 0x0000000100000000)
  region size 1024K, 58 young (59392K), 9 survivors (9216K)
 Metaspace       used 29405K, committed 30080K, reserved 1114112K
  class space    used 3735K, committed 4032K, reserved 1048576K
}
Event: 10.982 GC heap after
{Heap after GC invocations=6 (full 0):
 garbage-first heap   total 83968K, used 23386K [0x0000000080000000, 0x0000000100000000)
  region size 1024K, 7 young (7168K), 7 survivors (7168K)
 Metaspace       used 29405K, committed 30080K, reserved 1114112K
  class space    used 3735K, committed 4032K, reserved 1048576K
}
Event: 12.065 GC heap before
{Heap before GC invocations=6 (full 0):
 garbage-first heap   total 83968K, used 71514K [0x0000000080000000, 0x0000000100000000)
  region size 1024K, 49 young (50176K), 7 survivors (7168K)
 Metaspace       used 34998K, committed 35840K, reserved 1114112K
  class space    used 4687K, committed 5056K, reserved 1048576K
}
Event: 12.073 GC heap after
{Heap after GC invocations=7 (full 0):
 garbage-first heap   total 84992K, used 33091K [0x0000000080000000, 0x0000000100000000)
  region size 1024K, 7 young (7168K), 7 survivors (7168K)
 Metaspace       used 34998K, committed 35840K, reserved 1114112K
  class space    used 4687K, committed 5056K, reserved 1048576K
}
Event: 12.148 GC heap before
{Heap before GC invocations=7 (full 0):
 garbage-first heap   total 84992K, used 40259K [0x0000000080000000, 0x0000000100000000)
  region size 1024K, 10 young (10240K), 7 survivors (7168K)
 Metaspace       used 35125K, committed 35968K, reserved 1114112K
  class space    used 4704K, committed 5120K, reserved 1048576K
}
Event: 12.154 GC heap after
{Heap after GC invocations=8 (full 0):
 garbage-first heap   total 84992K, used 41508K [0x0000000080000000, 0x0000000100000000)
  region size 1024K, 3 young (3072K), 3 survivors (3072K)
 Metaspace       used 35125K, committed 35968K, reserved 1114112K
  class space    used 4704K, committed 5120K, reserved 1048576K
}
Event: 13.386 GC heap before
{Heap before GC invocations=9 (full 0):
 garbage-first heap   total 84992K, used 65060K [0x0000000080000000, 0x0000000100000000)
  region size 1024K, 25 young (25600K), 3 survivors (3072K)
 Metaspace       used 37830K, committed 38848K, reserved 1114112K
  class space    used 5100K, committed 5632K, reserved 1048576K
}
Event: 13.389 GC heap after
{Heap after GC invocations=10 (full 0):
 garbage-first heap   total 84992K, used 43708K [0x0000000080000000, 0x0000000100000000)
  region size 1024K, 4 young (4096K), 4 survivors (4096K)
 Metaspace       used 37830K, committed 38848K, reserved 1114112K
  class space    used 5100K, committed 5632K, reserved 1048576K
}
Event: 14.149 GC heap before
{Heap before GC invocations=10 (full 0):
 garbage-first heap   total 84992K, used 67260K [0x0000000080000000, 0x0000000100000000)
  region size 1024K, 27 young (27648K), 4 survivors (4096K)
 Metaspace       used 40569K, committed 41664K, reserved 1114112K
  class space    used 5573K, committed 6144K, reserved 1048576K
}
Event: 14.156 GC heap after
{Heap after GC invocations=11 (full 0):
 garbage-first heap   total 84992K, used 44851K [0x0000000080000000, 0x0000000100000000)
  region size 1024K, 2 young (2048K), 2 survivors (2048K)
 Metaspace       used 40569K, committed 41664K, reserved 1114112K
  class space    used 5573K, committed 6144K, reserved 1048576K
}
Event: 16.742 GC heap before
{Heap before GC invocations=11 (full 0):
 garbage-first heap   total 84992K, used 67379K [0x0000000080000000, 0x0000000100000000)
  region size 1024K, 25 young (25600K), 2 survivors (2048K)
 Metaspace       used 44149K, committed 45440K, reserved 1114112K
  class space    used 6109K, committed 6720K, reserved 1048576K
}
Event: 16.745 GC heap after
{Heap after GC invocations=12 (full 0):
 garbage-first heap   total 84992K, used 46097K [0x0000000080000000, 0x0000000100000000)
  region size 1024K, 3 young (3072K), 3 survivors (3072K)
 Metaspace       used 44149K, committed 45440K, reserved 1114112K
  class space    used 6109K, committed 6720K, reserved 1048576K
}

Dll operation events (3 events):
Event: 0.043 Loaded shared library C:\Program Files\Android\Android Studio\jbr\bin\java.dll
Event: 0.056 Loaded shared library C:\Program Files\Android\Android Studio\jbr\bin\zip.dll
Event: 2.164 Loaded shared library C:\Program Files\Android\Android Studio\jbr\bin\verify.dll

Deoptimization events (20 events):
Event: 14.330 Thread 0x000001c0ae3bdc30 DEOPT PACKING pc=0x000001c09c26a198 sp=0x000000973baf8450
Event: 14.330 Thread 0x000001c0ae3bdc30 DEOPT UNPACKING pc=0x000001c09baf46a2 sp=0x000000973baf83e8 mode 2
Event: 14.363 Thread 0x000001c0ae3bdc30 DEOPT PACKING pc=0x000001c094c27f0e sp=0x000000973baf89c0
Event: 14.363 Thread 0x000001c0ae3bdc30 DEOPT UNPACKING pc=0x000001c09baf4e42 sp=0x000000973baf7e30 mode 0
Event: 16.718 Thread 0x000001c0ae3bdc30 Uncommon trap: trap_request=0xffffff45 fr.pc=0x000001c09c2d82c0 relative=0x0000000000001360
Event: 16.718 Thread 0x000001c0ae3bdc30 Uncommon trap: reason=unstable_if action=reinterpret pc=0x000001c09c2d82c0 method=java.util.concurrent.ConcurrentHashMap.computeIfAbsent(Ljava/lang/Object;Ljava/util/function/Function;)Ljava/lang/Object; @ 312 c2
Event: 16.718 Thread 0x000001c0ae3bdc30 DEOPT PACKING pc=0x000001c09c2d82c0 sp=0x000000973baf3bf0
Event: 16.718 Thread 0x000001c0ae3bdc30 DEOPT UNPACKING pc=0x000001c09baf46a2 sp=0x000000973baf3b68 mode 2
Event: 16.741 Thread 0x000001c0ae3bdc30 Uncommon trap: trap_request=0xffffff45 fr.pc=0x000001c09c3da9c4 relative=0x0000000000005f24
Event: 16.741 Thread 0x000001c0ae3bdc30 Uncommon trap: reason=unstable_if action=reinterpret pc=0x000001c09c3da9c4 method=java.lang.ClassLoader.getClassLoadingLock(Ljava/lang/String;)Ljava/lang/Object; @ 6 c2
Event: 16.741 Thread 0x000001c0ae3bdc30 DEOPT PACKING pc=0x000001c09c3da9c4 sp=0x000000973baf6240
Event: 16.741 Thread 0x000001c0ae3bdc30 DEOPT UNPACKING pc=0x000001c09baf46a2 sp=0x000000973baf6250 mode 2
Event: 18.809 Thread 0x000001c0ae3bdc30 Uncommon trap: trap_request=0xffffff45 fr.pc=0x000001c09c3bb32c relative=0x000000000000008c
Event: 18.809 Thread 0x000001c0ae3bdc30 Uncommon trap: reason=unstable_if action=reinterpret pc=0x000001c09c3bb32c method=jdk.internal.misc.Unsafe.convEndian(ZJ)J @ 4 c2
Event: 18.809 Thread 0x000001c0ae3bdc30 DEOPT PACKING pc=0x000001c09c3bb32c sp=0x000000973baf55b0
Event: 18.809 Thread 0x000001c0ae3bdc30 DEOPT UNPACKING pc=0x000001c09baf46a2 sp=0x000000973baf54d8 mode 2
Event: 18.817 Thread 0x000001c0ae3bdc30 Uncommon trap: trap_request=0xffffffc6 fr.pc=0x000001c09c38f47c relative=0x00000000000035fc
Event: 18.817 Thread 0x000001c0ae3bdc30 Uncommon trap: reason=bimorphic_or_optimized_type_check action=maybe_recompile pc=0x000001c09c38f47c method=java.net.URL.<init>(Ljava/net/URL;Ljava/lang/String;Ljava/net/URLStreamHandler;)V @ 504 c2
Event: 18.817 Thread 0x000001c0ae3bdc30 DEOPT PACKING pc=0x000001c09c38f47c sp=0x000000973baf59b0
Event: 18.817 Thread 0x000001c0ae3bdc30 DEOPT UNPACKING pc=0x000001c09baf46a2 sp=0x000000973baf5930 mode 2

Classes loaded (20 events):
Event: 18.808 Loading class java/nio/file/spi/FileSystemProvider$1
Event: 18.808 Loading class java/nio/file/spi/FileSystemProvider$1 done
Event: 18.810 Loading class java/nio/file/FileSystemNotFoundException
Event: 18.810 Loading class java/nio/file/FileSystemNotFoundException done
Event: 18.813 Loading class java/nio/file/ProviderMismatchException
Event: 18.814 Loading class java/nio/file/ProviderMismatchException done
Event: 18.814 Loading class java/nio/channels/AsynchronousFileChannel
Event: 18.814 Loading class java/nio/channels/AsynchronousChannel
Event: 18.814 Loading class java/nio/channels/AsynchronousChannel done
Event: 18.814 Loading class java/nio/channels/AsynchronousFileChannel done
Event: 18.814 Loading class java/nio/file/FileStore
Event: 18.814 Loading class java/nio/file/FileStore done
Event: 18.815 Loading class jdk/internal/jrtfs/JrtFileSystemProvider
Event: 18.815 Loading class jdk/internal/jrtfs/JrtFileSystemProvider done
Event: 18.816 Loading class sun/net/www/protocol/jrt/JavaRuntimeURLConnection
Event: 18.817 Loading class sun/net/www/protocol/jrt/JavaRuntimeURLConnection done
Event: 18.817 Loading class sun/net/www/protocol/jrt/JavaRuntimeURLConnection$1
Event: 18.817 Loading class sun/net/www/protocol/jrt/JavaRuntimeURLConnection$1 done
Event: 18.820 Loading class sun/nio/fs/WindowsLinkSupport
Event: 18.820 Loading class sun/nio/fs/WindowsLinkSupport done

Classes unloaded (0 events):
No events

Classes redefined (0 events):
No events

Internal exceptions (20 events):
Event: 13.850 Thread 0x000001c0ae3bdc30 Implicit null exception at 0x000001c09c28fdba to 0x000001c09c290010
Event: 14.170 Thread 0x000001c0ae3bdc30 Exception <a 'java/lang/NoSuchMethodError'{0x000000008753a960}: 'java.lang.Object java.lang.invoke.DirectMethodHandle$Holder.newInvokeSpecial(java.lang.Object, java.lang.Object, java.lang.Object, java.lang.Object, java.lang.Object, java.lang.Object, java.lang.Object, java.lang.Object, java.lang.Object)'> (0x000000008753a960) 
thrown [s\src\hotspot\share\interpreter\linkResolver.cpp, line 784]
Event: 14.180 Thread 0x000001c0ae3bdc30 Exception <a 'java/lang/NoSuchMethodError'{0x00000000875935c8}: 'java.lang.Object java.lang.invoke.DirectMethodHandle$Holder.invokeStaticInit(java.lang.Object, java.lang.Object, java.lang.Object)'> (0x00000000875935c8) 
thrown [s\src\hotspot\share\interpreter\linkResolver.cpp, line 784]
Event: 14.262 Thread 0x000001c0ae3bdc30 Exception <a 'java/lang/NoSuchMethodError'{0x000000008587cda0}: 'java.lang.Object java.lang.invoke.DirectMethodHandle$Holder.newInvokeSpecial(java.lang.Object, java.lang.Object, java.lang.Object, java.lang.Object, java.lang.Object, java.lang.Object, java.lang.Object, java.lang.Object, java.lang.Object, java.lang.Object, java.lang.Object, java.lang.Object)'> (0x000000008587cda0) 
thrown [s\src\hotspot\share\interpreter\linkResolver.cpp, line 784]
Event: 14.263 Thread 0x000001c0ae3bdc30 Exception <a 'java/lang/NoSuchMethodError'{0x00000000858824e0}: 'java.lang.Object java.lang.invoke.Invokers$Holder.linkToTargetMethod(java.lang.Object, java.lang.Object, java.lang.Object, java.lang.Object, java.lang.Object, java.lang.Object, java.lang.Object, java.lang.Object, java.lang.Object, java.lang.Object, java.lang.Object, java.lang.Object)'> (0x00000000858824e0) 
thrown [s\src\hotspot\share\interpreter\linkResolver.cpp, line 784]
Event: 14.282 Thread 0x000001c0ae3bdc30 Exception <a 'java/lang/NoSuchMethodError'{0x00000000858f56e8}: 'java.lang.Object java.lang.invoke.DirectMethodHandle$Holder.newInvokeSpecial(java.lang.Object, java.lang.Object, java.lang.Object, java.lang.Object, java.lang.Object, java.lang.Object, java.lang.Object, java.lang.Object, java.lang.Object, java.lang.Object, java.lang.Object, java.lang.Object, java.lang.Object, java.lang.Object, java.lang.Object)'> (0x00000000858f56e8) 
thrown [s\src\hotspot\share\interpreter\linkResolver.cpp, line 784]
Event: 14.284 Thread 0x000001c0ae3bdc30 Exception <a 'java/lang/NoSuchMethodError'{0x00000000858fbaa8}: 'java.lang.Object java.lang.invoke.DirectMethodHandle$Holder.invokeSpecial(java.lang.Object, java.lang.Object, java.lang.Object, java.lang.Object, java.lang.Object, java.lang.Object, java.lang.Object, java.lang.Object, java.lang.Object, java.lang.Object, java.lang.Object, java.lang.Object, java.lang.Object, java.lang.Object, java.lang.Object, java.lang.Object)'> (0x00000000858fbaa8) 
thrown [s\src\hotspot\share\interpreter\linkResolver.cpp, li
Event: 14.285 Thread 0x000001c0ae3bdc30 Exception <a 'java/lang/NoSuchMethodError'{0x0000000085701240}: 'java.lang.Object java.lang.invoke.DelegatingMethodHandle$Holder.reinvoke_L(java.lang.Object, java.lang.Object, java.lang.Object, java.lang.Object, java.lang.Object, java.lang.Object, java.lang.Object, java.lang.Object, java.lang.Object, java.lang.Object, java.lang.Object, java.lang.Object, java.lang.Object, java.lang.Object, java.lang.Object)'> (0x0000000085701240) 
thrown [s\src\hotspot\share\interpreter\linkResolver.cpp, line 784]
Event: 14.336 Thread 0x000001c0ae3bdc30 Exception <a 'java/lang/NoSuchMethodError'{0x0000000085655998}: 'java.lang.Object java.lang.invoke.DelegatingMethodHandle$Holder.reinvoke_L(java.lang.Object, java.lang.Object, java.lang.Object, java.lang.Object, java.lang.Object, java.lang.Object, java.lang.Object, java.lang.Object, java.lang.Object, java.lang.Object, java.lang.Object, java.lang.Object, java.lang.Object, java.lang.Object, java.lang.Object, java.lang.Object, java.lang.Object, java.lang.Object, java.lang.Object, java.lang.Object, java.lang.O
Event: 14.342 Thread 0x000001c0ae3bdc30 Exception <a 'java/lang/NoSuchMethodError'{0x0000000085534948}: 'java.lang.Object java.lang.invoke.DirectMethodHandle$Holder.invokeStatic(java.lang.Object, java.lang.Object, java.lang.Object, java.lang.Object, java.lang.Object, java.lang.Object, java.lang.Object, java.lang.Object, java.lang.Object, java.lang.Object, java.lang.Object, java.lang.Object, java.lang.Object, java.lang.Object, java.lang.Object, java.lang.Object, java.lang.Object, java.lang.Object, java.lang.Object, java.lang.Object, java.lang.Obj
Event: 14.345 Thread 0x000001c0ae3bdc30 Exception <a 'java/lang/NoSuchMethodError'{0x00000000855697a0}: 'java.lang.Object java.lang.invoke.DirectMethodHandle$Holder.invokeStatic(java.lang.Object, java.lang.Object, java.lang.Object, java.lang.Object, java.lang.Object, java.lang.Object, java.lang.Object, java.lang.Object, java.lang.Object, java.lang.Object, java.lang.Object, java.lang.Object, java.lang.Object, java.lang.Object, java.lang.Object, java.lang.Object, java.lang.Object, java.lang.Object, java.lang.Object, java.lang.Object, java.lang.Obj
Event: 14.348 Thread 0x000001c0ae3bdc30 Exception <a 'java/lang/NoSuchMethodError'{0x00000000855a0bd0}: 'java.lang.Object java.lang.invoke.DirectMethodHandle$Holder.invokeStatic(java.lang.Object, java.lang.Object, java.lang.Object, java.lang.Object, java.lang.Object, java.lang.Object, java.lang.Object, java.lang.Object, java.lang.Object, java.lang.Object, java.lang.Object, java.lang.Object, java.lang.Object, java.lang.Object, java.lang.Object, java.lang.Object, java.lang.Object, java.lang.Object, java.lang.Object, java.lang.Object, java.lang.Obj
Event: 14.360 Thread 0x000001c0ae3bdc30 Exception <a 'java/lang/NoSuchMethodError'{0x0000000085437410}: 'java.lang.Object java.lang.invoke.DirectMethodHandle$Holder.newInvokeSpecial(java.lang.Object, java.lang.Object, java.lang.Object, java.lang.Object, java.lang.Object, java.lang.Object, java.lang.Object, java.lang.Object, java.lang.Object, java.lang.Object, java.lang.Object, java.lang.Object, java.lang.Object, java.lang.Object, java.lang.Object, java.lang.Object, java.lang.Object, java.lang.Object, java.lang.Object)'> (0x0000000085437410) 
thr
Event: 14.360 Thread 0x000001c0ae3bdc30 Exception <a 'java/lang/NoSuchMethodError'{0x000000008543e070}: 'java.lang.Object java.lang.invoke.DirectMethodHandle$Holder.invokeSpecial(java.lang.Object, java.lang.Object, java.lang.Object, java.lang.Object, java.lang.Object, java.lang.Object, java.lang.Object, java.lang.Object, java.lang.Object, java.lang.Object, java.lang.Object, java.lang.Object, java.lang.Object, java.lang.Object, java.lang.Object, java.lang.Object, java.lang.Object, java.lang.Object, java.lang.Object, java.lang.Object)'> (0x0000000
Event: 14.361 Thread 0x000001c0ae3bdc30 Exception <a 'java/lang/NoSuchMethodError'{0x00000000854438c0}: 'java.lang.Object java.lang.invoke.DelegatingMethodHandle$Holder.reinvoke_L(java.lang.Object, java.lang.Object, java.lang.Object, java.lang.Object, java.lang.Object, java.lang.Object, java.lang.Object, java.lang.Object, java.lang.Object, java.lang.Object, java.lang.Object, java.lang.Object, java.lang.Object, java.lang.Object, java.lang.Object, java.lang.Object, java.lang.Object, java.lang.Object, java.lang.Object)'> (0x00000000854438c0) 
throw
Event: 14.476 Thread 0x000001c0ae3bdc30 Exception <a 'java/lang/IncompatibleClassChangeError'{0x0000000084020098}: Found class java.lang.Object, but interface was expected> (0x0000000084020098) 
thrown [s\src\hotspot\share\interpreter\linkResolver.cpp, line 851]
Event: 14.512 Thread 0x000001c0ae3bdc30 Exception <a 'java/lang/IncompatibleClassChangeError'{0x0000000083f70250}: Found class java.lang.Object, but interface was expected> (0x0000000083f70250) 
thrown [s\src\hotspot\share\interpreter\linkResolver.cpp, line 851]
Event: 14.538 Thread 0x000001c0ae3bdc30 Exception <a 'java/lang/NoSuchMethodError'{0x0000000083e4f628}: 'void java.lang.invoke.DirectMethodHandle$Holder.invokeVirtual(java.lang.Object, java.lang.Object)'> (0x0000000083e4f628) 
thrown [s\src\hotspot\share\interpreter\linkResolver.cpp, line 784]
Event: 16.714 Thread 0x000001c0ae3bdc30 Exception <a 'java/lang/NoSuchMethodError'{0x00000000838e1df8}: 'void java.lang.invoke.DirectMethodHandle$Holder.invokeStaticInit(java.lang.Object, java.lang.Object, java.lang.Object)'> (0x00000000838e1df8) 
thrown [s\src\hotspot\share\interpreter\linkResolver.cpp, line 784]
Event: 16.716 Thread 0x000001c0ae3bdc30 Exception <a 'java/lang/NoSuchMethodError'{0x00000000837069d0}: 'void java.lang.invoke.DirectMethodHandle$Holder.invokeStaticInit(java.lang.Object, java.lang.Object, java.lang.Object, java.lang.Object, java.lang.Object)'> (0x00000000837069d0) 
thrown [s\src\hotspot\share\interpreter\linkResolver.cpp, line 784]

ZGC Phase Switch (0 events):
No events

VM Operations (20 events):
Event: 14.481 Executing VM operation: HandshakeAllThreads (Deoptimize)
Event: 14.481 Executing VM operation: HandshakeAllThreads (Deoptimize) done
Event: 15.488 Executing VM operation: Cleanup
Event: 15.583 Executing VM operation: Cleanup done
Event: 16.742 Executing VM operation: G1CollectForAllocation (G1 Evacuation Pause)
Event: 16.745 Executing VM operation: G1CollectForAllocation (G1 Evacuation Pause) done
Event: 16.761 Executing VM operation: G1PauseRemark
Event: 18.785 Executing VM operation: G1PauseRemark done
Event: 18.793 Executing VM operation: G1PauseCleanup
Event: 18.794 Executing VM operation: G1PauseCleanup done
Event: 18.813 Executing VM operation: HandshakeAllThreads (Deoptimize)
Event: 18.813 Executing VM operation: HandshakeAllThreads (Deoptimize) done
Event: 18.818 Executing VM operation: HandshakeAllThreads (Deoptimize)
Event: 18.818 Executing VM operation: HandshakeAllThreads (Deoptimize) done
Event: 18.819 Executing VM operation: HandshakeAllThreads (Deoptimize)
Event: 18.819 Executing VM operation: HandshakeAllThreads (Deoptimize) done
Event: 18.826 Executing VM operation: HandshakeAllThreads (Deoptimize)
Event: 18.826 Executing VM operation: HandshakeAllThreads (Deoptimize) done
Event: 19.826 Executing VM operation: Cleanup
Event: 19.826 Executing VM operation: Cleanup done

Memory protections (0 events):
No events

Nmethod flushes (20 events):
Event: 18.784 Thread 0x000001c0a97ea080 flushing  nmethod 0x000001c09495ee10
Event: 18.784 Thread 0x000001c0a97ea080 flushing  nmethod 0x000001c09495fe90
Event: 18.784 Thread 0x000001c0a97ea080 flushing  nmethod 0x000001c094961590
Event: 18.784 Thread 0x000001c0a97ea080 flushing  nmethod 0x000001c094963410
Event: 18.784 Thread 0x000001c0a97ea080 flushing  nmethod 0x000001c094963990
Event: 18.784 Thread 0x000001c0a97ea080 flushing  nmethod 0x000001c094964d10
Event: 18.784 Thread 0x000001c0a97ea080 flushing  nmethod 0x000001c094966390
Event: 18.784 Thread 0x000001c0a97ea080 flushing  nmethod 0x000001c0949b5210
Event: 18.784 Thread 0x000001c0a97ea080 flushing  nmethod 0x000001c094a1b590
Event: 18.784 Thread 0x000001c0a97ea080 flushing  nmethod 0x000001c094a1c190
Event: 18.784 Thread 0x000001c0a97ea080 flushing  nmethod 0x000001c094a1db10
Event: 18.784 Thread 0x000001c0a97ea080 flushing  nmethod 0x000001c094a1f390
Event: 18.784 Thread 0x000001c0a97ea080 flushing  nmethod 0x000001c094a20210
Event: 18.784 Thread 0x000001c0a97ea080 flushing  nmethod 0x000001c094a21e90
Event: 18.784 Thread 0x000001c0a97ea080 flushing  nmethod 0x000001c094a23610
Event: 18.784 Thread 0x000001c0a97ea080 flushing  nmethod 0x000001c094a23990
Event: 18.784 Thread 0x000001c0a97ea080 flushing  nmethod 0x000001c094b83790
Event: 18.784 Thread 0x000001c0a97ea080 flushing  nmethod 0x000001c094b86310
Event: 18.784 Thread 0x000001c0a97ea080 flushing  nmethod 0x000001c0949a7d10
Event: 18.784 Thread 0x000001c0a97ea080 flushing  nmethod 0x000001c0949b1010

Events (20 events):
Event: 12.036 Thread 0x000001c0ae3bdc30 Thread added: 0x000001c0b0592dc0
Event: 12.037 Thread 0x000001c0ae3bdc30 Thread added: 0x000001c0b0594800
Event: 12.037 Thread 0x000001c0ae3bdc30 Thread added: 0x000001c0b0591380
Event: 12.037 Thread 0x000001c0ae3bdc30 Thread added: 0x000001c0b0595bb0
Event: 12.037 Thread 0x000001c0ae3bdc30 Thread added: 0x000001c0b0597c80
Event: 12.038 Thread 0x000001c0ae3bdc30 Thread added: 0x000001c0b0598310
Event: 12.038 Thread 0x000001c0ae3bdc30 Thread added: 0x000001c0b0596240
Event: 12.038 Thread 0x000001c0ae3bdc30 Thread added: 0x000001c0b0595520
Event: 12.038 Thread 0x000001c0ae3bdc30 Thread added: 0x000001c0b0594e90
Event: 12.038 Thread 0x000001c0ae3bdc30 Thread added: 0x000001c0b05968d0
Event: 12.039 Thread 0x000001c0ae3bdc30 Thread added: 0x000001c0b0596f60
Event: 13.534 Thread 0x000001c0b06af7c0 Thread exited: 0x000001c0b06af7c0
Event: 13.636 Thread 0x000001c0ae3bdc30 Thread added: 0x000001c0b05989a0
Event: 14.043 Thread 0x000001c0ae3bdc30 Thread added: 0x000001c0b043b320
Event: 14.275 Thread 0x000001c0ae3bdc30 Thread added: 0x000001c0b043d3f0
Event: 15.593 Thread 0x000001c0a9a54390 Thread exited: 0x000001c0a9a54390
Event: 16.720 Thread 0x000001c0a98a2af0 Thread added: 0x000001c0b2302010
Event: 16.721 Thread 0x000001c0b2302010 Thread added: 0x000001c0b0de64e0
Event: 18.785 Thread 0x000001c0b0de64e0 Thread exited: 0x000001c0b0de64e0
Event: 18.785 Thread 0x000001c0b2302010 Thread exited: 0x000001c0b2302010


Dynamic libraries:
0x00007ff7c8340000 - 0x00007ff7c834a000 	C:\Program Files\Android\Android Studio\jbr\bin\java.exe
0x00007ff98c6e0000 - 0x00007ff98c946000 	C:\WINDOWS\SYSTEM32\ntdll.dll
0x00007ff98b750000 - 0x00007ff98b819000 	C:\WINDOWS\System32\KERNEL32.DLL
0x00007ff989f50000 - 0x00007ff98a31c000 	C:\WINDOWS\System32\KERNELBASE.dll
0x00007ff98a350000 - 0x00007ff98a49b000 	C:\WINDOWS\System32\ucrtbase.dll
0x00007ff974710000 - 0x00007ff97472b000 	C:\Program Files\Android\Android Studio\jbr\bin\VCRUNTIME140.dll
0x00007ff96ba90000 - 0x00007ff96baa8000 	C:\Program Files\Android\Android Studio\jbr\bin\jli.dll
0x00007ff98c2f0000 - 0x00007ff98c4ba000 	C:\WINDOWS\System32\USER32.dll
0x00007ff98a320000 - 0x00007ff98a347000 	C:\WINDOWS\System32\win32u.dll
0x00007ff98ba10000 - 0x00007ff98ba3b000 	C:\WINDOWS\System32\GDI32.dll
0x00007ff989d80000 - 0x00007ff989eb2000 	C:\WINDOWS\System32\gdi32full.dll
0x00007ff989b50000 - 0x00007ff989bf3000 	C:\WINDOWS\System32\msvcp_win.dll
0x00007ff96bec0000 - 0x00007ff96c15a000 	C:\WINDOWS\WinSxS\amd64_microsoft.windows.common-controls_6595b64144ccf1df_6.0.26100.3912_none_3e07963ce335137e\COMCTL32.dll
0x00007ff98b8e0000 - 0x00007ff98b989000 	C:\WINDOWS\System32\msvcrt.dll
0x00007ff98a8a0000 - 0x00007ff98a8d0000 	C:\WINDOWS\System32\IMM32.DLL
0x00007ff984aa0000 - 0x00007ff984aac000 	C:\Program Files\Android\Android Studio\jbr\bin\vcruntime140_1.dll
0x00007ff94bcb0000 - 0x00007ff94bd3d000 	C:\Program Files\Android\Android Studio\jbr\bin\msvcp140.dll
0x00007ff927ae0000 - 0x00007ff92876b000 	C:\Program Files\Android\Android Studio\jbr\bin\server\jvm.dll
0x00007ff98b820000 - 0x00007ff98b8d2000 	C:\WINDOWS\System32\ADVAPI32.dll
0x00007ff98a4a0000 - 0x00007ff98a546000 	C:\WINDOWS\System32\sechost.dll
0x00007ff98a640000 - 0x00007ff98a756000 	C:\WINDOWS\System32\RPCRT4.dll
0x00007ff98b990000 - 0x00007ff98ba04000 	C:\WINDOWS\System32\WS2_32.dll
0x00007ff9896c0000 - 0x00007ff98971e000 	C:\WINDOWS\SYSTEM32\POWRPROF.dll
0x00007ff980a90000 - 0x00007ff980ac6000 	C:\WINDOWS\SYSTEM32\WINMM.dll
0x00007ff9817b0000 - 0x00007ff9817bb000 	C:\WINDOWS\SYSTEM32\VERSION.dll
0x00007ff9896a0000 - 0x00007ff9896b4000 	C:\WINDOWS\SYSTEM32\UMPDC.dll
0x00007ff988630000 - 0x00007ff98864a000 	C:\WINDOWS\SYSTEM32\kernel.appcore.dll
0x00007ff984a60000 - 0x00007ff984a6a000 	C:\Program Files\Android\Android Studio\jbr\bin\jimage.dll
0x00007ff97c220000 - 0x00007ff97c461000 	C:\WINDOWS\SYSTEM32\DBGHELP.DLL
0x00007ff98b030000 - 0x00007ff98b3b4000 	C:\WINDOWS\System32\combase.dll
0x00007ff98a550000 - 0x00007ff98a630000 	C:\WINDOWS\System32\OLEAUT32.dll
0x00007ff96dcc0000 - 0x00007ff96dcf9000 	C:\WINDOWS\SYSTEM32\dbgcore.DLL
0x00007ff989930000 - 0x00007ff9899c9000 	C:\WINDOWS\System32\bcryptPrimitives.dll
0x00007ff96b700000 - 0x00007ff96b70e000 	C:\Program Files\Android\Android Studio\jbr\bin\instrument.dll
0x00007ff96ffb0000 - 0x00007ff96ffd0000 	C:\Program Files\Android\Android Studio\jbr\bin\java.dll
0x00007ff96ff90000 - 0x00007ff96ffa8000 	C:\Program Files\Android\Android Studio\jbr\bin\zip.dll
0x00007ff98a900000 - 0x00007ff98b02d000 	C:\WINDOWS\System32\SHELL32.dll
0x00007ff9899d0000 - 0x00007ff989b44000 	C:\WINDOWS\System32\wintypes.dll
0x00007ff9874e0000 - 0x00007ff987d36000 	C:\WINDOWS\SYSTEM32\windows.storage.dll
0x00007ff98b410000 - 0x00007ff98b4ff000 	C:\WINDOWS\System32\SHCORE.dll
0x00007ff98a770000 - 0x00007ff98a7d9000 	C:\WINDOWS\System32\shlwapi.dll
0x00007ff989780000 - 0x00007ff9897af000 	C:\WINDOWS\SYSTEM32\profapi.dll
0x00007ff9823a0000 - 0x00007ff9823b0000 	C:\Program Files\Android\Android Studio\jbr\bin\net.dll
0x00007ff982ae0000 - 0x00007ff982bfe000 	C:\WINDOWS\SYSTEM32\WINHTTP.dll
0x00007ff988ba0000 - 0x00007ff988c0a000 	C:\WINDOWS\system32\mswsock.dll
0x00007ff96fc50000 - 0x00007ff96fc66000 	C:\Program Files\Android\Android Studio\jbr\bin\nio.dll
0x00007ff982380000 - 0x00007ff982390000 	C:\Program Files\Android\Android Studio\jbr\bin\verify.dll
0x00007ff967a60000 - 0x00007ff967a87000 	C:\Users\david\.gradle\native\c067742578af261105cb4f569cf0c3c89f3d7b1fecec35dd04571415982c5e48\windows-amd64\native-platform.dll
0x00007ff946900000 - 0x00007ff946a44000 	C:\Users\david\.gradle\native\100fb08df4bc3b14c8652ba06237920a3bd2aa13389f12d3474272988ae205f9\windows-amd64\native-platform-file-events.dll
0x00007ff96fed0000 - 0x00007ff96fed9000 	C:\Program Files\Android\Android Studio\jbr\bin\management.dll
0x00007ff96bb60000 - 0x00007ff96bb6b000 	C:\Program Files\Android\Android Studio\jbr\bin\management_ext.dll
0x00007ff98a8e0000 - 0x00007ff98a8e8000 	C:\WINDOWS\System32\PSAPI.DLL
0x00007ff988e50000 - 0x00007ff988e6c000 	C:\WINDOWS\SYSTEM32\CRYPTSP.dll
0x00007ff988590000 - 0x00007ff9885ca000 	C:\WINDOWS\system32\rsaenh.dll
0x00007ff988c40000 - 0x00007ff988c6b000 	C:\WINDOWS\SYSTEM32\USERENV.dll
0x00007ff989750000 - 0x00007ff989776000 	C:\WINDOWS\SYSTEM32\bcrypt.dll
0x00007ff988e40000 - 0x00007ff988e4c000 	C:\WINDOWS\SYSTEM32\CRYPTBASE.dll
0x00007ff988050000 - 0x00007ff988083000 	C:\WINDOWS\SYSTEM32\IPHLPAPI.DLL
0x00007ff98a8f0000 - 0x00007ff98a8fa000 	C:\WINDOWS\System32\NSI.dll
0x00007ff971200000 - 0x00007ff971209000 	C:\Program Files\Android\Android Studio\jbr\bin\extnet.dll
0x00007ff97e640000 - 0x00007ff97e648000 	C:\WINDOWS\system32\wshunix.dll

dbghelp: loaded successfully - version: 4.0.5 - missing functions: none
symbol engine: initialized successfully - sym options: 0x614 - pdb path: .;C:\Program Files\Android\Android Studio\jbr\bin;C:\WINDOWS\SYSTEM32;C:\WINDOWS\WinSxS\amd64_microsoft.windows.common-controls_6595b64144ccf1df_6.0.26100.3912_none_3e07963ce335137e;C:\Program Files\Android\Android Studio\jbr\bin\server;C:\Users\david\.gradle\native\c067742578af261105cb4f569cf0c3c89f3d7b1fecec35dd04571415982c5e48\windows-amd64;C:\Users\david\.gradle\native\100fb08df4bc3b14c8652ba06237920a3bd2aa13389f12d3474272988ae205f9\windows-amd64

VM Arguments:
jvm_args: --add-opens=java.base/java.lang=ALL-UNNAMED --add-opens=java.base/java.lang.invoke=ALL-UNNAMED --add-opens=java.base/java.util=ALL-UNNAMED --add-opens=java.prefs/java.util.prefs=ALL-UNNAMED --add-exports=jdk.compiler/com.sun.tools.javac.api=ALL-UNNAMED --add-exports=jdk.compiler/com.sun.tools.javac.util=ALL-UNNAMED --add-opens=java.base/java.util=ALL-UNNAMED --add-opens=java.prefs/java.util.prefs=ALL-UNNAMED --add-opens=java.base/java.nio.charset=ALL-UNNAMED --add-opens=java.base/java.net=ALL-UNNAMED --add-opens=java.base/java.util.concurrent.atomic=ALL-UNNAMED --add-opens=java.xml/javax.xml.namespace=ALL-UNNAMED -Xmx2048m -Dfile.encoding=UTF-8 -Duser.country=CO -Duser.language=es -Duser.variant -javaagent:C:\Users\david\.gradle\wrapper\dists\gradle-8.11.1-bin\bpt9gzteqjrbo1mjrsomdt32c\gradle-8.11.1\lib\agents\gradle-instrumentation-agent-8.11.1.jar 
java_command: org.gradle.launcher.daemon.bootstrap.GradleDaemon 8.11.1
java_class_path (initial): C:\Users\david\.gradle\wrapper\dists\gradle-8.11.1-bin\bpt9gzteqjrbo1mjrsomdt32c\gradle-8.11.1\lib\gradle-daemon-main-8.11.1.jar
Launcher Type: SUN_STANDARD

[Global flags]
     intx CICompilerCount                          = 12                                        {product} {ergonomic}
     uint ConcGCThreads                            = 3                                         {product} {ergonomic}
     uint G1ConcRefinementThreads                  = 13                                        {product} {ergonomic}
   size_t G1HeapRegionSize                         = 1048576                                   {product} {ergonomic}
    uintx GCDrainStackTargetSize                   = 64                                        {product} {ergonomic}
   size_t InitialHeapSize                          = 123731968                                 {product} {ergonomic}
   size_t MarkStackSize                            = 4194304                                   {product} {ergonomic}
   size_t MaxHeapSize                              = 2147483648                                {product} {command line}
   size_t MaxNewSize                               = 1287651328                                {product} {ergonomic}
   size_t MinHeapDeltaBytes                        = 1048576                                   {product} {ergonomic}
   size_t MinHeapSize                              = 8388608                                   {product} {ergonomic}
    uintx NonNMethodCodeHeapSize                   = 7602480                                {pd product} {ergonomic}
    uintx NonProfiledCodeHeapSize                  = 122027880                              {pd product} {ergonomic}
    uintx ProfiledCodeHeapSize                     = 122027880                              {pd product} {ergonomic}
    uintx ReservedCodeCacheSize                    = 251658240                              {pd product} {ergonomic}
     bool SegmentedCodeCache                       = true                                      {product} {ergonomic}
   size_t SoftMaxHeapSize                          = 2147483648                             {manageable} {ergonomic}
     bool UseCompressedOops                        = true                           {product lp64_product} {ergonomic}
     bool UseG1GC                                  = true                                      {product} {ergonomic}
     bool UseLargePagesIndividualAllocation        = false                                  {pd product} {ergonomic}

Logging:
Log output configuration:
 #0: stdout all=warning uptime,level,tags foldmultilines=false
 #1: stderr all=off uptime,level,tags foldmultilines=false

Environment Variables:
PATH=C:\WINDOWS\system32;C:\WINDOWS;C:\WINDOWS\System32\Wbem;C:\WINDOWS\System32\WindowsPowerShell\v1.0\;C:\WINDOWS\System32\OpenSSH\;C:\Program Files\HP\HP One Agent;C:\Program Files\nodejs\;C:\Program Files\Git\cmd;C:\Program Files\Docker\Docker\resources\bin;C:\Users\david\AppData\Local\Microsoft\WindowsApps;C:\Users\david\AppData\Local\Programs\cursor\resources\app\bin;C:\Users\david\AppData\Roaming\npm
USERNAME=david
OS=Windows_NT
PROCESSOR_IDENTIFIER=AMD64 Family 23 Model 104 Stepping 1, AuthenticAMD
TMP=C:\Users\david\AppData\Local\Temp
TEMP=C:\Users\david\AppData\Local\Temp




Periodic native trim disabled

JNI global refs:
JNI global refs: 33, weak refs: 6

JNI global refs memory usage: 835, weak refs: 833

Process memory usage:
Resident Set Size: 191456K (2% of 7681536K total physical memory with 339124K free physical memory)

OOME stack traces (most recent first):
Classloader memory used:
Loader org.gradle.internal.classloader.VisitableURLClassLoader                         : 20214K
Loader bootstrap                                                                       : 19102K
Loader org.gradle.initialization.MixInLegacyTypesClassLoader                           : 4438K
Loader org.gradle.internal.classloader.VisitableURLClassLoader                         : 735K
Loader jdk.internal.loader.ClassLoaders$PlatformClassLoader                            : 424K
Loader jdk.internal.loader.ClassLoaders$AppClassLoader                                 : 234K
Loader jdk.internal.reflect.DelegatingClassLoader                                      : 154K

Classes loaded by more than one classloader:
Class org.gradle.api.GradleException                                                  : loaded 3 times (x 78B)
Class org.gradle.internal.classloader.FilteringClassLoader                            : loaded 2 times (x 101B)
Class org.gradle.internal.classloader.ClassLoaderHierarchy                            : loaded 2 times (x 66B)
Class org.gradle.api.internal.classpath.ManifestUtil                                  : loaded 2 times (x 67B)
Class org.gradle.internal.operations.MultipleBuildOperationFailures                   : loaded 2 times (x 91B)
Class org.gradle.internal.classloader.DefaultClassLoaderFactory                       : loaded 2 times (x 78B)
Class org.gradle.internal.classloader.ClassLoaderVisitor                              : loaded 2 times (x 72B)
Class org.gradle.api.internal.classpath.EffectiveClassPath                            : loaded 2 times (x 86B)
Class org.gradle.api.internal.DefaultClassPathProvider                                : loaded 2 times (x 72B)
Class [Lorg.gradle.api.internal.ClassPathProvider;                                    : loaded 2 times (x 65B)
Class org.gradle.api.internal.ClassPathProvider                                       : loaded 2 times (x 66B)
Class org.gradle.internal.service.UnknownServiceException                             : loaded 2 times (x 79B)
Class org.gradle.internal.classpath.TransformedClassPath                              : loaded 2 times (x 92B)
Class org.gradle.internal.classloader.InstrumentingClassLoader                        : loaded 2 times (x 66B)
Class org.gradle.internal.service.ServiceLocator                                      : loaded 2 times (x 66B)
Class org.gradle.internal.InternalTransformer                                         : loaded 2 times (x 66B)
Class org.gradle.internal.time.DefaultTimer                                           : loaded 2 times (x 76B)
Class org.gradle.internal.classloader.ClasspathUtil$1                                 : loaded 2 times (x 72B)
Class org.gradle.api.internal.classpath.DefaultModuleRegistry$DefaultModule           : loaded 2 times (x 82B)
Class org.gradle.internal.time.DefaultCountdownTimer                                  : loaded 2 times (x 84B)
Class kotlin.Function                                                                 : loaded 2 times (x 66B)
Class org.gradle.api.internal.classpath.Module                                        : loaded 2 times (x 66B)
Class org.gradle.api.internal.classpath.UnknownModuleException                        : loaded 2 times (x 78B)
Class org.gradle.api.internal.DefaultClassPathRegistry                                : loaded 2 times (x 72B)
Class org.gradle.api.internal.ClassPathRegistry                                       : loaded 2 times (x 66B)
Class org.gradle.internal.classpath.DefaultClassPath$ImmutableUniqueList              : loaded 2 times (x 195B)
Class org.gradle.internal.classpath.ClassPath                                         : loaded 2 times (x 66B)
Class org.gradle.api.UncheckedIOException                                             : loaded 2 times (x 78B)
Class kotlin.UninitializedPropertyAccessException                                     : loaded 2 times (x 78B)
Class org.gradle.internal.installation.GradleInstallation$1                           : loaded 2 times (x 71B)
Class org.gradle.api.internal.classpath.ModuleRegistry                                : loaded 2 times (x 66B)
Class org.gradle.api.internal.classpath.DefaultModuleRegistry                         : loaded 2 times (x 82B)
Class org.gradle.internal.time.MonotonicClock                                         : loaded 2 times (x 73B)
Class org.gradle.internal.service.ServiceLookupException                              : loaded 2 times (x 78B)
Class org.gradle.internal.classloader.ClassLoaderFactory                              : loaded 2 times (x 66B)
Class org.gradle.internal.service.CachingServiceLocator                               : loaded 2 times (x 78B)
Class org.gradle.internal.time.TimeSource                                             : loaded 2 times (x 66B)
Class org.gradle.internal.exceptions.ResolutionProvider                               : loaded 2 times (x 66B)
Class org.gradle.internal.classloader.ClasspathUtil                                   : loaded 2 times (x 67B)
Class org.gradle.internal.time.TimeSource$1                                           : loaded 2 times (x 73B)
Class org.gradle.api.specs.Spec                                                       : loaded 2 times (x 66B)
Class org.gradle.internal.time.Clock                                                  : loaded 2 times (x 66B)
Class org.gradle.internal.classloader.VisitableURLClassLoader$InstrumentingVisitableURLClassLoader: loaded 2 times (x 119B)
Class org.gradle.internal.classloader.VisitableURLClassLoader$Spec                    : loaded 2 times (x 70B)
Class org.gradle.internal.classpath.DefaultClassPath                                  : loaded 2 times (x 86B)
Class org.gradle.internal.classloader.ClassLoaderSpec                                 : loaded 2 times (x 67B)
Class org.gradle.internal.classloader.VisitableURLClassLoader                         : loaded 2 times (x 113B)
Class org.gradle.internal.Cast                                                        : loaded 2 times (x 67B)
Class org.gradle.api.Action                                                           : loaded 2 times (x 66B)
Class kotlin.jvm.functions.Function1                                                  : loaded 2 times (x 66B)
Class org.gradle.internal.classpath.DefaultClassPath$ImmutableUniqueList$Builder      : loaded 2 times (x 71B)
Class kotlin.NotImplementedError                                                      : loaded 2 times (x 78B)
Class org.gradle.internal.exceptions.NonGradleCauseExceptionsHolder                   : loaded 2 times (x 66B)
Class org.gradle.internal.IoActions                                                   : loaded 2 times (x 67B)
Class org.gradle.internal.classloader.SystemClassLoaderSpec                           : loaded 2 times (x 67B)
Class org.gradle.internal.exceptions.MultiCauseException                              : loaded 2 times (x 66B)
Class org.gradle.internal.time.CountdownTimer                                         : loaded 2 times (x 66B)
Class kotlin.jvm.internal.Intrinsics                                                  : loaded 2 times (x 67B)
Class org.gradle.tooling.model.ProjectModel                                           : loaded 2 times (x 66B)
Class kotlin.KotlinNullPointerException                                               : loaded 2 times (x 79B)
Class org.gradle.internal.exceptions.DefaultMultiCauseException                       : loaded 2 times (x 91B)
Class org.gradle.internal.time.Time                                                   : loaded 2 times (x 67B)
Class org.gradle.api.internal.classpath.GlobalCacheRootsProvider                      : loaded 2 times (x 66B)
Class org.gradle.internal.time.Timer                                                  : loaded 2 times (x 66B)
Class org.gradle.internal.installation.CurrentGradleInstallationLocator               : loaded 2 times (x 67B)
Class org.gradle.internal.service.DefaultServiceLocator                               : loaded 2 times (x 79B)
Class org.gradle.util.GradleVersion                                                   : loaded 2 times (x 79B)
Class org.gradle.internal.installation.CurrentGradleInstallation                      : loaded 2 times (x 69B)
Class org.gradle.util.internal.GUtil                                                  : loaded 2 times (x 67B)
Class org.gradle.internal.installation.GradleInstallation                             : loaded 2 times (x 71B)

---------------  S Y S T E M  ---------------

OS:
 Windows 11 , 64 bit Build 26100 (10.0.26100.3912)
OS uptime: 1 days 11:10 hours
Hyper-V role detected

CPU: total 16 (initial active 16) (16 cores per cpu, 2 threads per core) family 23 model 104 stepping 1 microcode 0x8608107, cx8, cmov, fxsr, ht, mmx, 3dnowpref, sse, sse2, sse3, ssse3, sse4a, sse4.1, sse4.2, popcnt, lzcnt, tsc, tscinvbit, avx, avx2, aes, clmul, bmi1, bmi2, adx, sha, fma, vzeroupper, clflush, clflushopt, hv, rdtscp, rdpid, f16c
Processor Information for the first 16 processors :
  Max Mhz: 1801, Current Mhz: 1801, Mhz Limit: 1801

Memory: 4k page, system-wide physical 7501M (331M free)
TotalPageFile size 30029M (AvailPageFile size 6M)
current process WorkingSet (physical memory assigned to process): 188M, peak: 223M
current process commit charge ("private bytes"): 267M, peak: 293M

vm_info: OpenJDK 64-Bit Server VM (21.0.6+-13368085-b895.109) for windows-amd64 JRE (21.0.6+-13368085-b895.109), built on 2025-04-16T17:01:31Z by "builder" with MS VC++ 16.10 / 16.11 (VS2019)

END.
