#
# There is insufficient memory for the Java Runtime Environment to continue.
# Native memory allocation (malloc) failed to allocate 1156336 bytes. Error detail: Chunk::new
# Possible reasons:
#   The system is out of physical RAM or swap space
#   This process is running with CompressedOops enabled, and the Java Heap may be blocking the growth of the native heap
# Possible solutions:
#   Reduce memory load on the system
#   Increase physical memory or swap space
#   Check if swap backing store is full
#   Decrease Java heap size (-Xmx/-Xms)
#   Decrease number of Java threads
#   Decrease Java thread stack sizes (-Xss)
#   Set larger code cache with -XX:ReservedCodeCacheSize=
#   JVM is running with Unscaled Compressed Oops mode in which the Java heap is
#     placed in the first 4GB address space. The Java Heap base address is the
#     maximum limit for the native heap growth. Please use -XX:HeapBaseMinAddress
#     to set the Java Heap base and to place the Java Heap above 4GB virtual address.
# This output file may be truncated or incomplete.
#
#  Out of Memory Error (arena.cpp:168), pid=47200, tid=38864
#
# JRE version: OpenJDK Runtime Environment (21.0.6) (build 21.0.6+-13368085-b895.109)
# Java VM: OpenJDK 64-Bit Server VM (21.0.6+-13368085-b895.109, mixed mode, tiered, compressed oops, compressed class ptrs, g1 gc, windows-amd64)
# No core dump will be written. Minidumps are not enabled by default on client versions of Windows
#

---------------  S U M M A R Y ------------

Command Line: --add-opens=java.base/java.lang=ALL-UNNAMED --add-opens=java.base/java.lang.invoke=ALL-UNNAMED --add-opens=java.base/java.util=ALL-UNNAMED --add-opens=java.prefs/java.util.prefs=ALL-UNNAMED --add-exports=jdk.compiler/com.sun.tools.javac.api=ALL-UNNAMED --add-exports=jdk.compiler/com.sun.tools.javac.util=ALL-UNNAMED --add-opens=java.base/java.util=ALL-UNNAMED --add-opens=java.prefs/java.util.prefs=ALL-UNNAMED --add-opens=java.base/java.nio.charset=ALL-UNNAMED --add-opens=java.base/java.net=ALL-UNNAMED --add-opens=java.base/java.util.concurrent.atomic=ALL-UNNAMED --add-opens=java.xml/javax.xml.namespace=ALL-UNNAMED -Xmx2048m -Dfile.encoding=UTF-8 -Duser.country=CO -Duser.language=es -Duser.variant -javaagent:C:\Users\david\.gradle\wrapper\dists\gradle-8.11.1-bin\bpt9gzteqjrbo1mjrsomdt32c\gradle-8.11.1\lib\agents\gradle-instrumentation-agent-8.11.1.jar org.gradle.launcher.daemon.bootstrap.GradleDaemon 8.11.1

Host: AMD Ryzen 7 5700U with Radeon Graphics         , 16 cores, 7G,  Windows 11 , 64 bit Build 26100 (10.0.26100.3912)
Time: Sun Jun  8 21:56:30 2025 Hora est. Pacífico, Sudamérica elapsed time: 19.276357 seconds (0d 0h 0m 19s)

---------------  T H R E A D  ---------------

Current thread (0x000001f8b690e150):  JavaThread "C2 CompilerThread0" daemon [_thread_in_native, id=38864, stack(0x0000001442e00000,0x0000001442f00000) (1024K)]


Current CompileTask:
C2:19276 4194       4       jdk.internal.loader.URLClassPath$JarLoader$2::getBytes (48 bytes)

Stack: [0x0000001442e00000,0x0000001442f00000]
Native frames: (J=compiled Java code, j=interpreted, Vv=VM code, C=native code)
V  [jvm.dll+0x6d0639]
V  [jvm.dll+0x85eb03]
V  [jvm.dll+0x86105e]
V  [jvm.dll+0x861743]
V  [jvm.dll+0x27e6e6]
V  [jvm.dll+0xbff6d]
V  [jvm.dll+0xc04a3]
V  [jvm.dll+0x3b6171]
V  [jvm.dll+0x1de872]
V  [jvm.dll+0x247dd4]
V  [jvm.dll+0x247251]
V  [jvm.dll+0x1c5f04]
V  [jvm.dll+0x2569ac]
V  [jvm.dll+0x254ef6]
V  [jvm.dll+0x3f0e96]
V  [jvm.dll+0x806ed8]
V  [jvm.dll+0x6cef0d]
C  [ucrtbase.dll+0x37b0]
C  [KERNEL32.DLL+0x2e8d7]
C  [ntdll.dll+0x9c5dc]


---------------  P R O C E S S  ---------------

Threads class SMR info:
_java_thread_list=0x000001f8bd5c04f0, length=49, elements={
0x000001f89c1442d0, 0x000001f8b68fc380, 0x000001f8b68ff950, 0x000001f8b68e8bc0,
0x000001f8b68e9220, 0x000001f8b6902f20, 0x000001f8b6903580, 0x000001f8b690e150,
0x000001f8b691a980, 0x000001f8b6a44a90, 0x000001f8bb0f17f0, 0x000001f8bcc801b0,
0x000001f8bcc7e0e0, 0x000001f8bcc7f490, 0x000001f8bcc80840, 0x000001f8bcc7ee00,
0x000001f8bcc7e770, 0x000001f8bcc7d3c0, 0x000001f8bcc7da50, 0x000001f8bcc7fb20,
0x000001f8bbd07d00, 0x000001f8bbd07670, 0x000001f8bbd04880, 0x000001f8bbd08390,
0x000001f8bbd05c30, 0x000001f8bbd06950, 0x000001f8bbd06fe0, 0x000001f8bbd04f10,
0x000001f8bbd08a20, 0x000001f8bbd055a0, 0x000001f8bbd0b180, 0x000001f8bbd09dd0,
0x000001f8bbd0aaf0, 0x000001f8bbd0b810, 0x000001f8bbd090b0, 0x000001f8bbd0a460,
0x000001f8bbd0bea0, 0x000001f8bbd09740, 0x000001f8bd0a8560, 0x000001f8bd0a7ed0,
0x000001f8bd0a8bf0, 0x000001f8bd0a9280, 0x000001f8bd0a9910, 0x000001f8bd0a9fa0,
0x000001f8bd0a6b20, 0x000001f8bd3973c0, 0x000001f8bd0aa630, 0x000001f8bd0a7840,
0x000001f8bd0ac700
}

Java Threads: ( => current thread )
  0x000001f89c1442d0 JavaThread "main"                              [_thread_blocked, id=1988, stack(0x0000001442000000,0x0000001442100000) (1024K)]
  0x000001f8b68fc380 JavaThread "Reference Handler"          daemon [_thread_blocked, id=18676, stack(0x0000001442800000,0x0000001442900000) (1024K)]
  0x000001f8b68ff950 JavaThread "Finalizer"                  daemon [_thread_blocked, id=49004, stack(0x0000001442900000,0x0000001442a00000) (1024K)]
  0x000001f8b68e8bc0 JavaThread "Signal Dispatcher"          daemon [_thread_blocked, id=33920, stack(0x0000001442a00000,0x0000001442b00000) (1024K)]
  0x000001f8b68e9220 JavaThread "Attach Listener"            daemon [_thread_blocked, id=37212, stack(0x0000001442b00000,0x0000001442c00000) (1024K)]
  0x000001f8b6902f20 JavaThread "Service Thread"             daemon [_thread_blocked, id=42772, stack(0x0000001442c00000,0x0000001442d00000) (1024K)]
  0x000001f8b6903580 JavaThread "Monitor Deflation Thread"   daemon [_thread_blocked, id=48184, stack(0x0000001442d00000,0x0000001442e00000) (1024K)]
=>0x000001f8b690e150 JavaThread "C2 CompilerThread0"         daemon [_thread_in_native, id=38864, stack(0x0000001442e00000,0x0000001442f00000) (1024K)]
  0x000001f8b691a980 JavaThread "C1 CompilerThread0"         daemon [_thread_blocked, id=41876, stack(0x0000001442f00000,0x0000001443000000) (1024K)]
  0x000001f8b6a44a90 JavaThread "Common-Cleaner"             daemon [_thread_blocked, id=33428, stack(0x0000001443000000,0x0000001443100000) (1024K)]
  0x000001f8bb0f17f0 JavaThread "Notification Thread"        daemon [_thread_blocked, id=41188, stack(0x0000001443100000,0x0000001443200000) (1024K)]
  0x000001f8bcc801b0 JavaThread "Daemon health stats"               [_thread_blocked, id=44388, stack(0x0000001443600000,0x0000001443700000) (1024K)]
  0x000001f8bcc7e0e0 JavaThread "Incoming local TCP Connector on port 58218"        [_thread_in_native, id=37784, stack(0x0000001443900000,0x0000001443a00000) (1024K)]
  0x000001f8bcc7f490 JavaThread "Daemon periodic checks"            [_thread_blocked, id=28708, stack(0x0000001443a00000,0x0000001443b00000) (1024K)]
  0x000001f8bcc80840 JavaThread "Daemon"                            [_thread_blocked, id=9352, stack(0x0000001443b00000,0x0000001443c00000) (1024K)]
  0x000001f8bcc7ee00 JavaThread "Handler for socket connection from /127.0.0.1:58218 to /127.0.0.1:58219"        [_thread_in_native, id=44844, stack(0x0000001443c00000,0x0000001443d00000) (1024K)]
  0x000001f8bcc7e770 JavaThread "Cancel handler"                    [_thread_blocked, id=47024, stack(0x0000001443d00000,0x0000001443e00000) (1024K)]
  0x000001f8bcc7d3c0 JavaThread "Daemon worker"                     [_thread_in_vm, id=9704, stack(0x0000001443e00000,0x0000001443f00000) (1024K)]
  0x000001f8bcc7da50 JavaThread "Asynchronous log dispatcher for DefaultDaemonConnection: socket connection from /127.0.0.1:58218 to /127.0.0.1:58219"        [_thread_blocked, id=22356, stack(0x0000001443f00000,0x0000001444000000) (1024K)]
  0x000001f8bcc7fb20 JavaThread "Stdin handler"                     [_thread_blocked, id=47656, stack(0x0000001444000000,0x0000001444100000) (1024K)]
  0x000001f8bbd07d00 JavaThread "Daemon client event forwarder"        [_thread_blocked, id=26772, stack(0x0000001444100000,0x0000001444200000) (1024K)]
  0x000001f8bbd07670 JavaThread "Cache worker for journal cache (C:\Users\david\.gradle\caches\journal-1)"        [_thread_blocked, id=48636, stack(0x0000001444c00000,0x0000001444d00000) (1024K)]
  0x000001f8bbd04880 JavaThread "File lock request listener"        [_thread_in_native, id=48172, stack(0x0000001444d00000,0x0000001444e00000) (1024K)]
  0x000001f8bbd08390 JavaThread "Cache worker for file hash cache (C:\Users\david\.gradle\caches\8.11.1\fileHashes)"        [_thread_blocked, id=34412, stack(0x0000001444e00000,0x0000001444f00000) (1024K)]
  0x000001f8bbd05c30 JavaThread "Cache worker for file content cache (C:\Users\david\.gradle\caches\8.11.1\fileContent)"        [_thread_blocked, id=45740, stack(0x0000001444f00000,0x0000001445000000) (1024K)]
  0x000001f8bbd06950 JavaThread "Cache worker for file hash cache (C:\Users\david\AndroidStudioProjects\AthleticApp\.gradle\8.11.1\fileHashes)"        [_thread_blocked, id=18652, stack(0x0000001445000000,0x0000001445100000) (1024K)]
  0x000001f8bbd06fe0 JavaThread "Cache worker for Build Output Cleanup Cache (C:\Users\david\AndroidStudioProjects\AthleticApp\.gradle\buildOutputCleanup)"        [_thread_blocked, id=27692, stack(0x0000001445100000,0x0000001445200000) (1024K)]
  0x000001f8bbd04f10 JavaThread "File watcher server"        daemon [_thread_in_native, id=33480, stack(0x0000001445200000,0x0000001445300000) (1024K)]
  0x000001f8bbd08a20 JavaThread "File watcher consumer"      daemon [_thread_blocked, id=26700, stack(0x0000001445300000,0x0000001445400000) (1024K)]
  0x000001f8bbd055a0 JavaThread "jar transforms"                    [_thread_blocked, id=43504, stack(0x0000001445400000,0x0000001445500000) (1024K)]
  0x000001f8bbd0b180 JavaThread "jar transforms Thread 2"           [_thread_blocked, id=20472, stack(0x0000001445500000,0x0000001445600000) (1024K)]
  0x000001f8bbd09dd0 JavaThread "jar transforms Thread 3"           [_thread_blocked, id=35516, stack(0x0000001445600000,0x0000001445700000) (1024K)]
  0x000001f8bbd0aaf0 JavaThread "jar transforms Thread 4"           [_thread_blocked, id=19400, stack(0x0000001445700000,0x0000001445800000) (1024K)]
  0x000001f8bbd0b810 JavaThread "jar transforms Thread 5"           [_thread_blocked, id=45748, stack(0x0000001445800000,0x0000001445900000) (1024K)]
  0x000001f8bbd090b0 JavaThread "jar transforms Thread 6"           [_thread_blocked, id=38236, stack(0x0000001445900000,0x0000001445a00000) (1024K)]
  0x000001f8bbd0a460 JavaThread "jar transforms Thread 7"           [_thread_blocked, id=36888, stack(0x0000001445a00000,0x0000001445b00000) (1024K)]
  0x000001f8bbd0bea0 JavaThread "jar transforms Thread 8"           [_thread_blocked, id=34868, stack(0x0000001445b00000,0x0000001445c00000) (1024K)]
  0x000001f8bbd09740 JavaThread "jar transforms Thread 9"           [_thread_blocked, id=32884, stack(0x0000001445c00000,0x0000001445d00000) (1024K)]
  0x000001f8bd0a8560 JavaThread "jar transforms Thread 10"          [_thread_blocked, id=40748, stack(0x0000001445d00000,0x0000001445e00000) (1024K)]
  0x000001f8bd0a7ed0 JavaThread "jar transforms Thread 11"          [_thread_blocked, id=4132, stack(0x0000001445e00000,0x0000001445f00000) (1024K)]
  0x000001f8bd0a8bf0 JavaThread "jar transforms Thread 12"          [_thread_blocked, id=29384, stack(0x0000001445f00000,0x0000001446000000) (1024K)]
  0x000001f8bd0a9280 JavaThread "jar transforms Thread 13"          [_thread_blocked, id=47448, stack(0x0000001446000000,0x0000001446100000) (1024K)]
  0x000001f8bd0a9910 JavaThread "jar transforms Thread 14"          [_thread_blocked, id=44476, stack(0x0000001446100000,0x0000001446200000) (1024K)]
  0x000001f8bd0a9fa0 JavaThread "jar transforms Thread 15"          [_thread_blocked, id=42752, stack(0x0000001446200000,0x0000001446300000) (1024K)]
  0x000001f8bd0a6b20 JavaThread "jar transforms Thread 16"          [_thread_blocked, id=46092, stack(0x0000001446300000,0x0000001446400000) (1024K)]
  0x000001f8bd3973c0 JavaThread "C1 CompilerThread1"         daemon [_thread_blocked, id=37496, stack(0x0000001443500000,0x0000001443600000) (1024K)]
  0x000001f8bd0aa630 JavaThread "Cache worker for checksums cache (C:\Users\david\AndroidStudioProjects\AthleticApp\.gradle\8.11.1\checksums)"        [_thread_blocked, id=29224, stack(0x0000001443400000,0x0000001443500000) (1024K)]
  0x000001f8bd0a7840 JavaThread "Cache worker for cache directory md-rule (C:\Users\david\.gradle\caches\8.11.1\md-rule)"        [_thread_blocked, id=37436, stack(0x0000001446400000,0x0000001446500000) (1024K)]
  0x000001f8bd0ac700 JavaThread "Cache worker for cache directory md-supplier (C:\Users\david\.gradle\caches\8.11.1\md-supplier)"        [_thread_blocked, id=26852, stack(0x0000001446500000,0x0000001446600000) (1024K)]
Total: 49

Other Threads:
  0x000001f8b68907e0 VMThread "VM Thread"                           [id=26048, stack(0x0000001442700000,0x0000001442800000) (1024K)]
  0x000001f8b66880c0 WatcherThread "VM Periodic Task Thread"        [id=46708, stack(0x0000001442600000,0x0000001442700000) (1024K)]
  0x000001f89e5b1a70 WorkerThread "GC Thread#0"                     [id=40184, stack(0x0000001442100000,0x0000001442200000) (1024K)]
  0x000001f8bb2dccb0 WorkerThread "GC Thread#1"                     [id=39760, stack(0x0000001443200000,0x0000001443300000) (1024K)]
  0x000001f8bb494f70 WorkerThread "GC Thread#2"                     [id=43120, stack(0x0000001443300000,0x0000001443400000) (1024K)]
  0x000001f8bc223070 WorkerThread "GC Thread#3"                     [id=28580, stack(0x0000001443700000,0x0000001443800000) (1024K)]
  0x000001f8bc2240a0 WorkerThread "GC Thread#4"                     [id=31964, stack(0x0000001443800000,0x0000001443900000) (1024K)]
  0x000001f8bb9e72a0 WorkerThread "GC Thread#5"                     [id=36420, stack(0x0000001444200000,0x0000001444300000) (1024K)]
  0x000001f8bbf4ba60 WorkerThread "GC Thread#6"                     [id=21072, stack(0x0000001444300000,0x0000001444400000) (1024K)]
  0x000001f8bbdf5a80 WorkerThread "GC Thread#7"                     [id=48828, stack(0x0000001444400000,0x0000001444500000) (1024K)]
  0x000001f8bbdf5e20 WorkerThread "GC Thread#8"                     [id=44512, stack(0x0000001444500000,0x0000001444600000) (1024K)]
  0x000001f8bb9d4a20 WorkerThread "GC Thread#9"                     [id=17972, stack(0x0000001444600000,0x0000001444700000) (1024K)]
  0x000001f8bb9d5160 WorkerThread "GC Thread#10"                    [id=45320, stack(0x0000001444700000,0x0000001444800000) (1024K)]
  0x000001f8bb9d4dc0 WorkerThread "GC Thread#11"                    [id=48084, stack(0x0000001444800000,0x0000001444900000) (1024K)]
  0x000001f8bb9d5fe0 WorkerThread "GC Thread#12"                    [id=30772, stack(0x0000001444900000,0x0000001444a00000) (1024K)]
  0x000001f89e5c2960 ConcurrentGCThread "G1 Main Marker"            [id=38452, stack(0x0000001442200000,0x0000001442300000) (1024K)]
  0x000001f89e5c41b0 WorkerThread "G1 Conc#0"                       [id=46512, stack(0x0000001442300000,0x0000001442400000) (1024K)]
  0x000001f8bb9d5500 WorkerThread "G1 Conc#1"                       [id=20084, stack(0x0000001444a00000,0x0000001444b00000) (1024K)]
  0x000001f8bb9d58a0 WorkerThread "G1 Conc#2"                       [id=29528, stack(0x0000001444b00000,0x0000001444c00000) (1024K)]
  0x000001f8b65599d0 ConcurrentGCThread "G1 Refine#0"               [id=7348, stack(0x0000001442400000,0x0000001442500000) (1024K)]
  0x000001f8b655b200 ConcurrentGCThread "G1 Service"                [id=23320, stack(0x0000001442500000,0x0000001442600000) (1024K)]
Total: 21

Threads with active compile tasks:
C2 CompilerThread0  19326 4194       4       jdk.internal.loader.URLClassPath$JarLoader$2::getBytes (48 bytes)
Total: 1

VM state: not at safepoint (normal execution)

VM Mutex/Monitor currently owned by a thread: None

Heap address: 0x0000000080000000, size: 2048 MB, Compressed Oops mode: 32-bit

CDS archive(s) not mapped
Compressed class space mapped at: 0x0000000100000000-0x0000000140000000, reserved size: 1073741824
Narrow klass base: 0x0000000000000000, Narrow klass shift: 3, Narrow klass range: 0x140000000

GC Precious Log:
 CardTable entry size: 512
 Card Set container configuration: InlinePtr #cards 5 size 8 Array Of Cards #cards 12 size 40 Howl #buckets 4 coarsen threshold 1843 Howl Bitmap #cards 512 size 80 coarsen threshold 460 Card regions per heap region 1 cards per card region 2048
 CPUs: 16 total, 16 available
 Memory: 7501M
 Large Page Support: Disabled
 NUMA Support: Disabled
 Compressed Oops: Enabled (32-bit)
 Heap Region Size: 1M
 Heap Min Capacity: 8M
 Heap Initial Capacity: 118M
 Heap Max Capacity: 2G
 Pre-touch: Disabled
 Parallel Workers: 13
 Concurrent Workers: 3
 Concurrent Refinement Workers: 13
 Periodic GC: Disabled

Heap:
 garbage-first heap   total 89088K, used 64964K [0x0000000080000000, 0x0000000100000000)
  region size 1024K, 23 young (23552K), 3 survivors (3072K)
 Metaspace       used 44899K, committed 46208K, reserved 1114112K
  class space    used 6163K, committed 6784K, reserved 1048576K

Heap Regions: E=young(eden), S=young(survivor), O=old, HS=humongous(starts), HC=humongous(continues), CS=collection set, F=free, TAMS=top-at-mark-start, PB=parsable bottom
|   0|0x0000000080000000, 0x0000000080100000, 0x0000000080100000|100%| O|  |TAMS 0x0000000080000000| PB 0x0000000080000000| Untracked 
|   1|0x0000000080100000, 0x0000000080200000, 0x0000000080200000|100%|HS|  |TAMS 0x0000000080100000| PB 0x0000000080100000| Complete 
|   2|0x0000000080200000, 0x0000000080300000, 0x0000000080300000|100%|HC|  |TAMS 0x0000000080200000| PB 0x0000000080200000| Complete 
|   3|0x0000000080300000, 0x0000000080400000, 0x0000000080400000|100%|HC|  |TAMS 0x0000000080300000| PB 0x0000000080300000| Complete 
|   4|0x0000000080400000, 0x0000000080500000, 0x0000000080500000|100%| O|  |TAMS 0x0000000080400000| PB 0x0000000080400000| Untracked 
|   5|0x0000000080500000, 0x0000000080600000, 0x0000000080600000|100%| O|  |TAMS 0x0000000080500000| PB 0x0000000080500000| Untracked 
|   6|0x0000000080600000, 0x0000000080700000, 0x0000000080700000|100%| O|  |TAMS 0x0000000080600000| PB 0x0000000080600000| Untracked 
|   7|0x0000000080700000, 0x0000000080800000, 0x0000000080800000|100%|HS|  |TAMS 0x0000000080700000| PB 0x0000000080700000| Complete 
|   8|0x0000000080800000, 0x0000000080900000, 0x0000000080900000|100%| O|  |TAMS 0x0000000080800000| PB 0x0000000080800000| Untracked 
|   9|0x0000000080900000, 0x0000000080a00000, 0x0000000080a00000|100%| O|  |TAMS 0x0000000080900000| PB 0x0000000080900000| Untracked 
|  10|0x0000000080a00000, 0x0000000080a00000, 0x0000000080b00000|  0%| F|  |TAMS 0x0000000080a00000| PB 0x0000000080a00000| Untracked 
|  11|0x0000000080b00000, 0x0000000080c00000, 0x0000000080c00000|100%| O|  |TAMS 0x0000000080b00000| PB 0x0000000080b00000| Untracked 
|  12|0x0000000080c00000, 0x0000000080d00000, 0x0000000080d00000|100%| O|  |TAMS 0x0000000080c00000| PB 0x0000000080c00000| Untracked 
|  13|0x0000000080d00000, 0x0000000080e00000, 0x0000000080e00000|100%| O|  |TAMS 0x0000000080d00000| PB 0x0000000080d00000| Untracked 
|  14|0x0000000080e00000, 0x0000000080f00000, 0x0000000080f00000|100%|HS|  |TAMS 0x0000000080e00000| PB 0x0000000080e00000| Complete 
|  15|0x0000000080f00000, 0x0000000081000000, 0x0000000081000000|100%|HC|  |TAMS 0x0000000080f00000| PB 0x0000000080f00000| Complete 
|  16|0x0000000081000000, 0x0000000081100000, 0x0000000081100000|100%|HC|  |TAMS 0x0000000081000000| PB 0x0000000081000000| Complete 
|  17|0x0000000081100000, 0x0000000081200000, 0x0000000081200000|100%|HC|  |TAMS 0x0000000081100000| PB 0x0000000081100000| Complete 
|  18|0x0000000081200000, 0x0000000081300000, 0x0000000081300000|100%|HC|  |TAMS 0x0000000081200000| PB 0x0000000081200000| Complete 
|  19|0x0000000081300000, 0x0000000081400000, 0x0000000081400000|100%|HC|  |TAMS 0x0000000081300000| PB 0x0000000081300000| Complete 
|  20|0x0000000081400000, 0x0000000081500000, 0x0000000081500000|100%| O|  |TAMS 0x0000000081400000| PB 0x0000000081400000| Untracked 
|  21|0x0000000081500000, 0x0000000081600000, 0x0000000081600000|100%| O|  |TAMS 0x0000000081500000| PB 0x0000000081500000| Untracked 
|  22|0x0000000081600000, 0x0000000081700000, 0x0000000081700000|100%| O|  |TAMS 0x0000000081600000| PB 0x0000000081600000| Untracked 
|  23|0x0000000081700000, 0x0000000081800000, 0x0000000081800000|100%|HS|  |TAMS 0x0000000081700000| PB 0x0000000081700000| Complete 
|  24|0x0000000081800000, 0x0000000081900000, 0x0000000081900000|100%|HC|  |TAMS 0x0000000081800000| PB 0x0000000081800000| Complete 
|  25|0x0000000081900000, 0x0000000081a00000, 0x0000000081a00000|100%|HC|  |TAMS 0x0000000081900000| PB 0x0000000081900000| Complete 
|  26|0x0000000081a00000, 0x0000000081b00000, 0x0000000081b00000|100%|HC|  |TAMS 0x0000000081a00000| PB 0x0000000081a00000| Complete 
|  27|0x0000000081b00000, 0x0000000081c00000, 0x0000000081c00000|100%|HS|  |TAMS 0x0000000081b00000| PB 0x0000000081b00000| Complete 
|  28|0x0000000081c00000, 0x0000000081d00000, 0x0000000081d00000|100%| O|  |TAMS 0x0000000081c00000| PB 0x0000000081c00000| Untracked 
|  29|0x0000000081d00000, 0x0000000081e00000, 0x0000000081e00000|100%| O|  |TAMS 0x0000000081d00000| PB 0x0000000081d00000| Untracked 
|  30|0x0000000081e00000, 0x0000000081ec1138, 0x0000000081f00000| 75%| O|  |TAMS 0x0000000081e00000| PB 0x0000000081e00000| Untracked 
|  31|0x0000000081f00000, 0x0000000081f00000, 0x0000000082000000|  0%| F|  |TAMS 0x0000000081f00000| PB 0x0000000081f00000| Untracked 
|  32|0x0000000082000000, 0x0000000082000000, 0x0000000082100000|  0%| F|  |TAMS 0x0000000082000000| PB 0x0000000082000000| Untracked 
|  33|0x0000000082100000, 0x0000000082100000, 0x0000000082200000|  0%| F|  |TAMS 0x0000000082100000| PB 0x0000000082100000| Untracked 
|  34|0x0000000082200000, 0x0000000082300000, 0x0000000082300000|100%|HS|  |TAMS 0x0000000082200000| PB 0x0000000082200000| Complete 
|  35|0x0000000082300000, 0x0000000082400000, 0x0000000082400000|100%|HC|  |TAMS 0x0000000082300000| PB 0x0000000082300000| Complete 
|  36|0x0000000082400000, 0x0000000082500000, 0x0000000082500000|100%| O|  |TAMS 0x0000000082400000| PB 0x0000000082400000| Untracked 
|  37|0x0000000082500000, 0x0000000082600000, 0x0000000082600000|100%| O|  |TAMS 0x0000000082500000| PB 0x0000000082500000| Untracked 
|  38|0x0000000082600000, 0x0000000082700000, 0x0000000082700000|100%| O|  |TAMS 0x0000000082600000| PB 0x0000000082600000| Untracked 
|  39|0x0000000082700000, 0x0000000082800000, 0x0000000082800000|100%| O|  |TAMS 0x0000000082700000| PB 0x0000000082700000| Untracked 
|  40|0x0000000082800000, 0x0000000082900000, 0x0000000082900000|100%| O|  |TAMS 0x0000000082800000| PB 0x0000000082800000| Untracked 
|  41|0x0000000082900000, 0x0000000082a00000, 0x0000000082a00000|100%| O|  |TAMS 0x0000000082900000| PB 0x0000000082900000| Untracked 
|  42|0x0000000082a00000, 0x0000000082a00000, 0x0000000082b00000|  0%| F|  |TAMS 0x0000000082a00000| PB 0x0000000082a00000| Untracked 
|  43|0x0000000082b00000, 0x0000000082b00000, 0x0000000082c00000|  0%| F|  |TAMS 0x0000000082b00000| PB 0x0000000082b00000| Untracked 
|  44|0x0000000082c00000, 0x0000000082c00000, 0x0000000082d00000|  0%| F|  |TAMS 0x0000000082c00000| PB 0x0000000082c00000| Untracked 
|  45|0x0000000082d00000, 0x0000000082d00000, 0x0000000082e00000|  0%| F|  |TAMS 0x0000000082d00000| PB 0x0000000082d00000| Untracked 
|  46|0x0000000082e00000, 0x0000000082e00000, 0x0000000082f00000|  0%| F|  |TAMS 0x0000000082e00000| PB 0x0000000082e00000| Untracked 
|  47|0x0000000082f00000, 0x0000000082f00000, 0x0000000083000000|  0%| F|  |TAMS 0x0000000082f00000| PB 0x0000000082f00000| Untracked 
|  48|0x0000000083000000, 0x0000000083000000, 0x0000000083100000|  0%| F|  |TAMS 0x0000000083000000| PB 0x0000000083000000| Untracked 
|  49|0x0000000083100000, 0x0000000083100000, 0x0000000083200000|  0%| F|  |TAMS 0x0000000083100000| PB 0x0000000083100000| Untracked 
|  50|0x0000000083200000, 0x0000000083200000, 0x0000000083300000|  0%| F|  |TAMS 0x0000000083200000| PB 0x0000000083200000| Untracked 
|  51|0x0000000083300000, 0x00000000833b02a8, 0x0000000083400000| 68%| S|CS|TAMS 0x0000000083300000| PB 0x0000000083300000| Complete 
|  52|0x0000000083400000, 0x0000000083400000, 0x0000000083500000|  0%| F|  |TAMS 0x0000000083400000| PB 0x0000000083400000| Untracked 
|  53|0x0000000083500000, 0x0000000083500000, 0x0000000083600000|  0%| F|  |TAMS 0x0000000083500000| PB 0x0000000083500000| Untracked 
|  54|0x0000000083600000, 0x0000000083600000, 0x0000000083700000|  0%| F|  |TAMS 0x0000000083600000| PB 0x0000000083600000| Untracked 
|  55|0x0000000083700000, 0x0000000083700000, 0x0000000083800000|  0%| F|  |TAMS 0x0000000083700000| PB 0x0000000083700000| Untracked 
|  56|0x0000000083800000, 0x0000000083900000, 0x0000000083900000|100%| S|CS|TAMS 0x0000000083800000| PB 0x0000000083800000| Complete 
|  57|0x0000000083900000, 0x0000000083a00000, 0x0000000083a00000|100%| S|CS|TAMS 0x0000000083900000| PB 0x0000000083900000| Complete 
|  58|0x0000000083a00000, 0x0000000083a00000, 0x0000000083b00000|  0%| F|  |TAMS 0x0000000083a00000| PB 0x0000000083a00000| Untracked 
|  59|0x0000000083b00000, 0x0000000083b00000, 0x0000000083c00000|  0%| F|  |TAMS 0x0000000083b00000| PB 0x0000000083b00000| Untracked 
|  60|0x0000000083c00000, 0x0000000083c00000, 0x0000000083d00000|  0%| F|  |TAMS 0x0000000083c00000| PB 0x0000000083c00000| Untracked 
|  61|0x0000000083d00000, 0x0000000083d00000, 0x0000000083e00000|  0%| F|  |TAMS 0x0000000083d00000| PB 0x0000000083d00000| Untracked 
|  62|0x0000000083e00000, 0x0000000083e72340, 0x0000000083f00000| 44%| E|  |TAMS 0x0000000083e00000| PB 0x0000000083e00000| Complete 
|  63|0x0000000083f00000, 0x0000000084000000, 0x0000000084000000|100%| E|CS|TAMS 0x0000000083f00000| PB 0x0000000083f00000| Complete 
|  64|0x0000000084000000, 0x0000000084100000, 0x0000000084100000|100%| E|CS|TAMS 0x0000000084000000| PB 0x0000000084000000| Complete 
|  65|0x0000000084100000, 0x0000000084200000, 0x0000000084200000|100%| E|  |TAMS 0x0000000084100000| PB 0x0000000084100000| Complete 
|  66|0x0000000084200000, 0x0000000084300000, 0x0000000084300000|100%| E|CS|TAMS 0x0000000084200000| PB 0x0000000084200000| Complete 
|  67|0x0000000084300000, 0x0000000084400000, 0x0000000084400000|100%| E|CS|TAMS 0x0000000084300000| PB 0x0000000084300000| Complete 
|  68|0x0000000084400000, 0x0000000084500000, 0x0000000084500000|100%| E|CS|TAMS 0x0000000084400000| PB 0x0000000084400000| Complete 
|  69|0x0000000084500000, 0x0000000084600000, 0x0000000084600000|100%| E|CS|TAMS 0x0000000084500000| PB 0x0000000084500000| Complete 
|  70|0x0000000084600000, 0x0000000084700000, 0x0000000084700000|100%| E|CS|TAMS 0x0000000084600000| PB 0x0000000084600000| Complete 
|  71|0x0000000084700000, 0x0000000084800000, 0x0000000084800000|100%| E|CS|TAMS 0x0000000084700000| PB 0x0000000084700000| Complete 
|  79|0x0000000084f00000, 0x0000000085000000, 0x0000000085000000|100%| E|CS|TAMS 0x0000000084f00000| PB 0x0000000084f00000| Complete 
|  80|0x0000000085000000, 0x0000000085100000, 0x0000000085100000|100%| E|CS|TAMS 0x0000000085000000| PB 0x0000000085000000| Complete 
|  81|0x0000000085100000, 0x0000000085200000, 0x0000000085200000|100%| E|CS|TAMS 0x0000000085100000| PB 0x0000000085100000| Complete 
|  82|0x0000000085200000, 0x0000000085300000, 0x0000000085300000|100%| E|CS|TAMS 0x0000000085200000| PB 0x0000000085200000| Complete 
|  83|0x0000000085300000, 0x0000000085400000, 0x0000000085400000|100%| E|CS|TAMS 0x0000000085300000| PB 0x0000000085300000| Complete 
|  84|0x0000000085400000, 0x0000000085500000, 0x0000000085500000|100%| E|CS|TAMS 0x0000000085400000| PB 0x0000000085400000| Complete 
|  85|0x0000000085500000, 0x0000000085600000, 0x0000000085600000|100%| E|CS|TAMS 0x0000000085500000| PB 0x0000000085500000| Complete 
|  86|0x0000000085600000, 0x0000000085700000, 0x0000000085700000|100%| E|CS|TAMS 0x0000000085600000| PB 0x0000000085600000| Complete 
|  87|0x0000000085700000, 0x0000000085800000, 0x0000000085800000|100%| E|CS|TAMS 0x0000000085700000| PB 0x0000000085700000| Complete 
| 117|0x0000000087500000, 0x0000000087600000, 0x0000000087600000|100%| E|CS|TAMS 0x0000000087500000| PB 0x0000000087500000| Complete 
|2043|0x00000000ffb00000, 0x00000000ffc00000, 0x00000000ffc00000|100%| O|  |TAMS 0x00000000ffb00000| PB 0x00000000ffb00000| Untracked 
|2044|0x00000000ffc00000, 0x00000000ffd00000, 0x00000000ffd00000|100%| O|  |TAMS 0x00000000ffc00000| PB 0x00000000ffc00000| Untracked 
|2045|0x00000000ffd00000, 0x00000000ffe00000, 0x00000000ffe00000|100%| O|  |TAMS 0x00000000ffd00000| PB 0x00000000ffd00000| Untracked 
|2046|0x00000000ffe00000, 0x00000000fff00000, 0x00000000fff00000|100%| O|  |TAMS 0x00000000ffe00000| PB 0x00000000ffe00000| Untracked 
|2047|0x00000000fff00000, 0x0000000100000000, 0x0000000100000000|100%| O|  |TAMS 0x00000000fff00000| PB 0x00000000fff00000| Untracked 

Card table byte_map: [0x000001f8b1230000,0x000001f8b1630000] _byte_map_base: 0x000001f8b0e30000

Marking Bits: (CMBitMap*) 0x000001f89e5b2080
 Bits: [0x000001f8b1630000, 0x000001f8b3630000)

Polling page: 0x000001f89c2a0000

Metaspace:

Usage:
  Non-class:     37.84 MB used.
      Class:      6.02 MB used.
       Both:     43.87 MB used.

Virtual space:
  Non-class space:       64.00 MB reserved,      38.50 MB ( 60%) committed,  1 nodes.
      Class space:        1.00 GB reserved,       6.62 MB ( <1%) committed,  1 nodes.
             Both:        1.06 GB reserved,      45.12 MB (  4%) committed. 

Chunk freelists:
   Non-Class:  8.89 MB
       Class:  9.19 MB
        Both:  18.08 MB

MaxMetaspaceSize: unlimited
CompressedClassSpaceSize: 1.00 GB
Initial GC threshold: 21.00 MB
Current GC threshold: 59.19 MB
CDS: off
 - commit_granule_bytes: 65536.
 - commit_granule_words: 8192.
 - virtual_space_node_default_size: 8388608.
 - enlarge_chunks_in_place: 1.
 - use_allocation_guard: 0.


Internal statistics:

num_allocs_failed_limit: 9.
num_arena_births: 2316.
num_arena_deaths: 0.
num_vsnodes_births: 2.
num_vsnodes_deaths: 0.
num_space_committed: 722.
num_space_uncommitted: 0.
num_chunks_returned_to_freelist: 9.
num_chunks_taken_from_freelist: 4135.
num_chunk_merges: 9.
num_chunk_splits: 2596.
num_chunks_enlarged: 1535.
num_inconsistent_stats: 0.

CodeHeap 'non-profiled nmethods': size=119168Kb used=2156Kb max_used=2156Kb free=117012Kb
 bounds [0x000001f8a9250000, 0x000001f8a94c0000, 0x000001f8b06b0000]
CodeHeap 'profiled nmethods': size=119104Kb used=7696Kb max_used=7696Kb free=111407Kb
 bounds [0x000001f8a16b0000, 0x000001f8a1e40000, 0x000001f8a8b00000]
CodeHeap 'non-nmethods': size=7488Kb used=2452Kb max_used=2660Kb free=5035Kb
 bounds [0x000001f8a8b00000, 0x000001f8a8db0000, 0x000001f8a9250000]
 total_blobs=4510 nmethods=3827 adapters=586
 compilation: enabled
              stopped_count=0, restarted_count=0
 full_count=0

Compilation events (20 events):
Event: 18.244 Thread 0x000001f8b691a980 nmethod 4242 0x000001f8a946ad10 code [0x000001f8a946aea0, 0x000001f8a946af68]
Event: 18.244 Thread 0x000001f8b691a980 4240       3       org.codehaus.groovy.vmplugin.v9.Java9::isExported (21 bytes)
Event: 18.244 Thread 0x000001f8bd3973c0 nmethod 4239 0x000001f8a1e2ce10 code [0x000001f8a1e2cfc0, 0x000001f8a1e2d178]
Event: 18.244 Thread 0x000001f8bd3973c0 4241       3       org.codehaus.groovy.vmplugin.v9.Java9$$Lambda/0x00000001006bcb90::<init> (10 bytes)
Event: 18.244 Thread 0x000001f8bd3973c0 nmethod 4241 0x000001f8a1e2d210 code [0x000001f8a1e2d3c0, 0x000001f8a1e2d578]
Event: 18.245 Thread 0x000001f8bd3973c0 4246       3       org.codehaus.groovy.vmplugin.v9.Java9$$Lambda/0x00000001006bc928::test (12 bytes)
Event: 18.245 Thread 0x000001f8b691a980 nmethod 4240 0x000001f8a1e2d610 code [0x000001f8a1e2d860, 0x000001f8a1e2e1a0]
Event: 18.245 Thread 0x000001f8b691a980 4247       3       org.codehaus.groovy.vmplugin.v9.Java9::lambda$isOpen$12 (24 bytes)
Event: 18.245 Thread 0x000001f8bd3973c0 nmethod 4246 0x000001f8a1e2e510 code [0x000001f8a1e2e6c0, 0x000001f8a1e2e8e0]
Event: 18.245 Thread 0x000001f8b691a980 nmethod 4247 0x000001f8a1e2e990 code [0x000001f8a1e2eb60, 0x000001f8a1e2eed0]
Event: 18.246 Thread 0x000001f8bd3973c0 4248       3       java.util.ImmutableCollections$Set12::size (16 bytes)
Event: 18.246 Thread 0x000001f8bd3973c0 nmethod 4248 0x000001f8a1e2f010 code [0x000001f8a1e2f1c0, 0x000001f8a1e2f350]
Event: 18.251 Thread 0x000001f8bd3973c0 4249       3       sun.reflect.generics.parser.SignatureParser::parseTypeArgument (135 bytes)
Event: 18.253 Thread 0x000001f8bd3973c0 nmethod 4249 0x000001f8a1e2f410 code [0x000001f8a1e2f760, 0x000001f8a1e30e18]
Event: 19.052 Thread 0x000001f8bd3973c0 4250   !   3       java.util.stream.ReferencePipeline$7$1::accept (127 bytes)
Event: 19.053 Thread 0x000001f8bd3973c0 nmethod 4250 0x000001f8a1e31390 code [0x000001f8a1e31620, 0x000001f8a1e324b8]
Event: 19.053 Thread 0x000001f8bd3973c0 4252       3       java.util.stream.AbstractPipeline::close (48 bytes)
Event: 19.053 Thread 0x000001f8bd3973c0 nmethod 4252 0x000001f8a1e32b10 code [0x000001f8a1e32cc0, 0x000001f8a1e32f58]
Event: 19.270 Thread 0x000001f8b691a980 4251       3       java.util.stream.AbstractPipeline::sequential (10 bytes)
Event: 19.270 Thread 0x000001f8b691a980 nmethod 4251 0x000001f8a1e33010 code [0x000001f8a1e331a0, 0x000001f8a1e332b8]

GC Heap History (18 events):
Event: 1.220 GC heap before
{Heap before GC invocations=0 (full 0):
 garbage-first heap   total 120832K, used 22528K [0x0000000080000000, 0x0000000100000000)
  region size 1024K, 23 young (23552K), 0 survivors (0K)
 Metaspace       used 8014K, committed 8128K, reserved 1114112K
  class space    used 712K, committed 768K, reserved 1048576K
}
Event: 1.232 GC heap after
{Heap after GC invocations=1 (full 0):
 garbage-first heap   total 120832K, used 3384K [0x0000000080000000, 0x0000000100000000)
  region size 1024K, 3 young (3072K), 3 survivors (3072K)
 Metaspace       used 8014K, committed 8128K, reserved 1114112K
  class space    used 712K, committed 768K, reserved 1048576K
}
Event: 3.189 GC heap before
{Heap before GC invocations=1 (full 0):
 garbage-first heap   total 120832K, used 38200K [0x0000000080000000, 0x0000000100000000)
  region size 1024K, 35 young (35840K), 3 survivors (3072K)
 Metaspace       used 12252K, committed 12480K, reserved 1114112K
  class space    used 1280K, committed 1408K, reserved 1048576K
}
Event: 3.206 GC heap after
{Heap after GC invocations=2 (full 0):
 garbage-first heap   total 120832K, used 10960K [0x0000000080000000, 0x0000000100000000)
  region size 1024K, 5 young (5120K), 5 survivors (5120K)
 Metaspace       used 12252K, committed 12480K, reserved 1114112K
  class space    used 1280K, committed 1408K, reserved 1048576K
}
Event: 4.219 GC heap before
{Heap before GC invocations=2 (full 0):
 garbage-first heap   total 120832K, used 56016K [0x0000000080000000, 0x0000000100000000)
  region size 1024K, 47 young (48128K), 5 survivors (5120K)
 Metaspace       used 12459K, committed 12672K, reserved 1114112K
  class space    used 1308K, committed 1408K, reserved 1048576K
}
Event: 4.230 GC heap after
{Heap after GC invocations=3 (full 0):
 garbage-first heap   total 120832K, used 17398K [0x0000000080000000, 0x0000000100000000)
  region size 1024K, 5 young (5120K), 5 survivors (5120K)
 Metaspace       used 12459K, committed 12672K, reserved 1114112K
  class space    used 1308K, committed 1408K, reserved 1048576K
}
Event: 7.162 GC heap before
{Heap before GC invocations=3 (full 0):
 garbage-first heap   total 120832K, used 46070K [0x0000000080000000, 0x0000000100000000)
  region size 1024K, 35 young (35840K), 5 survivors (5120K)
 Metaspace       used 21172K, committed 21504K, reserved 1114112K
  class space    used 2413K, committed 2560K, reserved 1048576K
}
Event: 7.171 GC heap after
{Heap after GC invocations=4 (full 0):
 garbage-first heap   total 120832K, used 20996K [0x0000000080000000, 0x0000000100000000)
  region size 1024K, 9 young (9216K), 9 survivors (9216K)
 Metaspace       used 21172K, committed 21504K, reserved 1114112K
  class space    used 2413K, committed 2560K, reserved 1048576K
}
Event: 11.429 GC heap before
{Heap before GC invocations=5 (full 0):
 garbage-first heap   total 75776K, used 73220K [0x0000000080000000, 0x0000000100000000)
  region size 1024K, 61 young (62464K), 9 survivors (9216K)
 Metaspace       used 29858K, committed 30464K, reserved 1114112K
  class space    used 3803K, committed 4096K, reserved 1048576K
}
Event: 11.447 GC heap after
{Heap after GC invocations=6 (full 0):
 garbage-first heap   total 89088K, used 24465K [0x0000000080000000, 0x0000000100000000)
  region size 1024K, 8 young (8192K), 8 survivors (8192K)
 Metaspace       used 29858K, committed 30464K, reserved 1114112K
  class space    used 3803K, committed 4096K, reserved 1048576K
}
Event: 14.948 GC heap before
{Heap before GC invocations=6 (full 0):
 garbage-first heap   total 89088K, used 69521K [0x0000000080000000, 0x0000000100000000)
  region size 1024K, 48 young (49152K), 8 survivors (8192K)
 Metaspace       used 35077K, committed 35968K, reserved 1114112K
  class space    used 4696K, committed 5120K, reserved 1048576K
}
Event: 14.962 GC heap after
{Heap after GC invocations=7 (full 0):
 garbage-first heap   total 89088K, used 34031K [0x0000000080000000, 0x0000000100000000)
  region size 1024K, 7 young (7168K), 7 survivors (7168K)
 Metaspace       used 35077K, committed 35968K, reserved 1114112K
  class space    used 4696K, committed 5120K, reserved 1048576K
}
Event: 15.216 GC heap before
{Heap before GC invocations=7 (full 0):
 garbage-first heap   total 89088K, used 45295K [0x0000000080000000, 0x0000000100000000)
  region size 1024K, 13 young (13312K), 7 survivors (7168K)
 Metaspace       used 35421K, committed 36288K, reserved 1114112K
  class space    used 4746K, committed 5184K, reserved 1048576K
}
Event: 15.223 GC heap after
{Heap after GC invocations=8 (full 0):
 garbage-first heap   total 89088K, used 43692K [0x0000000080000000, 0x0000000100000000)
  region size 1024K, 3 young (3072K), 3 survivors (3072K)
 Metaspace       used 35421K, committed 36288K, reserved 1114112K
  class space    used 4746K, committed 5184K, reserved 1048576K
}
Event: 16.732 GC heap before
{Heap before GC invocations=9 (full 0):
 garbage-first heap   total 89088K, used 68268K [0x0000000080000000, 0x0000000100000000)
  region size 1024K, 26 young (26624K), 3 survivors (3072K)
 Metaspace       used 38461K, committed 39424K, reserved 1114112K
  class space    used 5212K, committed 5696K, reserved 1048576K
}
Event: 16.737 GC heap after
{Heap after GC invocations=10 (full 0):
 garbage-first heap   total 89088K, used 45342K [0x0000000080000000, 0x0000000100000000)
  region size 1024K, 4 young (4096K), 4 survivors (4096K)
 Metaspace       used 38461K, committed 39424K, reserved 1114112K
  class space    used 5212K, committed 5696K, reserved 1048576K
}
Event: 17.616 GC heap before
{Heap before GC invocations=10 (full 0):
 garbage-first heap   total 89088K, used 69918K [0x0000000080000000, 0x0000000100000000)
  region size 1024K, 28 young (28672K), 4 survivors (4096K)
 Metaspace       used 41405K, committed 42688K, reserved 1114112K
  class space    used 5718K, committed 6336K, reserved 1048576K
}
Event: 17.622 GC heap after
{Heap after GC invocations=11 (full 0):
 garbage-first heap   total 89088K, used 46532K [0x0000000080000000, 0x0000000100000000)
  region size 1024K, 3 young (3072K), 3 survivors (3072K)
 Metaspace       used 41405K, committed 42688K, reserved 1114112K
  class space    used 5718K, committed 6336K, reserved 1048576K
}

Dll operation events (3 events):
Event: 0.029 Loaded shared library C:\Program Files\Android\Android Studio\jbr\bin\java.dll
Event: 0.042 Loaded shared library C:\Program Files\Android\Android Studio\jbr\bin\zip.dll
Event: 1.411 Loaded shared library C:\Program Files\Android\Android Studio\jbr\bin\verify.dll

Deoptimization events (20 events):
Event: 17.560 Thread 0x000001f8bcc7d3c0 DEOPT PACKING pc=0x000001f8a941cac4 sp=0x0000001443ef8070
Event: 17.560 Thread 0x000001f8bcc7d3c0 DEOPT UNPACKING pc=0x000001f8a8b546a2 sp=0x0000001443ef8048 mode 2
Event: 17.597 Thread 0x000001f8bcc7d3c0 Uncommon trap: trap_request=0xffffffc6 fr.pc=0x000001f8a927cf98 relative=0x0000000000000238
Event: 17.597 Thread 0x000001f8bcc7d3c0 Uncommon trap: reason=bimorphic_or_optimized_type_check action=maybe_recompile pc=0x000001f8a927cf98 method=java.util.regex.Pattern$BmpCharProperty.match(Ljava/util/regex/Matcher;ILjava/lang/CharSequence;)Z @ 19 c2
Event: 17.597 Thread 0x000001f8bcc7d3c0 DEOPT PACKING pc=0x000001f8a927cf98 sp=0x0000001443ef8500
Event: 17.597 Thread 0x000001f8bcc7d3c0 DEOPT UNPACKING pc=0x000001f8a8b546a2 sp=0x0000001443ef8498 mode 2
Event: 17.598 Thread 0x000001f8bcc7d3c0 Uncommon trap: trap_request=0xffffffc6 fr.pc=0x000001f8a927cf98 relative=0x0000000000000238
Event: 17.598 Thread 0x000001f8bcc7d3c0 Uncommon trap: reason=bimorphic_or_optimized_type_check action=maybe_recompile pc=0x000001f8a927cf98 method=java.util.regex.Pattern$BmpCharProperty.match(Ljava/util/regex/Matcher;ILjava/lang/CharSequence;)Z @ 19 c2
Event: 17.598 Thread 0x000001f8bcc7d3c0 DEOPT PACKING pc=0x000001f8a927cf98 sp=0x0000001443ef8500
Event: 17.598 Thread 0x000001f8bcc7d3c0 DEOPT UNPACKING pc=0x000001f8a8b546a2 sp=0x0000001443ef8498 mode 2
Event: 17.646 Thread 0x000001f8bcc7d3c0 DEOPT PACKING pc=0x000001f8a1c9450e sp=0x0000001443ef8a70
Event: 17.646 Thread 0x000001f8bcc7d3c0 DEOPT UNPACKING pc=0x000001f8a8b54e42 sp=0x0000001443ef7ee0 mode 0
Event: 17.878 Thread 0x000001f8bcc7d3c0 Uncommon trap: trap_request=0xffffff45 fr.pc=0x000001f8a941ba40 relative=0x00000000000000a0
Event: 17.878 Thread 0x000001f8bcc7d3c0 Uncommon trap: reason=unstable_if action=reinterpret pc=0x000001f8a941ba40 method=jdk.internal.misc.Unsafe.convEndian(ZJ)J @ 4 c2
Event: 17.878 Thread 0x000001f8bcc7d3c0 DEOPT PACKING pc=0x000001f8a941ba40 sp=0x0000001443ef9610
Event: 17.879 Thread 0x000001f8bcc7d3c0 DEOPT UNPACKING pc=0x000001f8a8b546a2 sp=0x0000001443ef9528 mode 2
Event: 18.239 Thread 0x000001f8bcc7d3c0 Uncommon trap: trap_request=0xffffff45 fr.pc=0x000001f8a9334dc0 relative=0x0000000000001360
Event: 18.239 Thread 0x000001f8bcc7d3c0 Uncommon trap: reason=unstable_if action=reinterpret pc=0x000001f8a9334dc0 method=java.util.concurrent.ConcurrentHashMap.computeIfAbsent(Ljava/lang/Object;Ljava/util/function/Function;)Ljava/lang/Object; @ 312 c2
Event: 18.239 Thread 0x000001f8bcc7d3c0 DEOPT PACKING pc=0x000001f8a9334dc0 sp=0x0000001443ef3c30
Event: 18.239 Thread 0x000001f8bcc7d3c0 DEOPT UNPACKING pc=0x000001f8a8b546a2 sp=0x0000001443ef3ba8 mode 2

Classes loaded (20 events):
Event: 17.609 Loading class java/lang/invoke/BoundMethodHandle$Species_LLLLLLLLLLLLLLLLLLLLLLLLL
Event: 17.609 Loading class java/lang/invoke/BoundMethodHandle$Species_LLLLLLLLLLLLLLLLLLLLLLLLL done
Event: 17.613 Loading class java/lang/invoke/BoundMethodHandle$Species_LLLLLLLLLLLLLLLLLLLLLLLLLL
Event: 17.613 Loading class java/lang/invoke/BoundMethodHandle$Species_LLLLLLLLLLLLLLLLLLLLLLLLLL done
Event: 17.615 Loading class java/lang/invoke/BoundMethodHandle$Species_LLLLLLLLLLLLLLLLLLLLLLLLLLL
Event: 17.615 Loading class java/lang/invoke/BoundMethodHandle$Species_LLLLLLLLLLLLLLLLLLLLLLLLLLL done
Event: 17.815 Loading class java/io/StringReader
Event: 17.816 Loading class java/io/StringReader done
Event: 17.838 Loading class java/security/CodeSigner
Event: 17.839 Loading class java/security/CodeSigner done
Event: 17.869 Loading class java/math/MutableBigInteger
Event: 17.871 Loading class java/math/MutableBigInteger done
Event: 18.109 Loading class java/util/concurrent/locks/StampedLock
Event: 18.110 Loading class java/util/concurrent/locks/StampedLock done
Event: 18.197 Loading class java/lang/reflect/GenericSignatureFormatError
Event: 18.197 Loading class java/lang/reflect/GenericSignatureFormatError done
Event: 18.197 Loading class java/lang/reflect/MalformedParameterizedTypeException
Event: 18.197 Loading class java/lang/reflect/MalformedParameterizedTypeException done
Event: 18.215 Loading class java/lang/IllegalCallerException
Event: 18.216 Loading class java/lang/IllegalCallerException done

Classes unloaded (0 events):
No events

Classes redefined (0 events):
No events

Internal exceptions (20 events):
Event: 17.246 Thread 0x000001f8bcc7d3c0 Implicit null exception at 0x000001f8a92ee53a to 0x000001f8a92ee790
Event: 17.465 Thread 0x000001f8bcc7d3c0 Exception <a 'java/lang/NoSuchMethodError'{0x0000000083f92a60}: 'java.lang.Object java.lang.invoke.DirectMethodHandle$Holder.newInvokeSpecial(java.lang.Object, java.lang.Object, java.lang.Object, java.lang.Object, java.lang.Object, java.lang.Object, java.lang.Object, java.lang.Object, java.lang.Object)'> (0x0000000083f92a60) 
thrown [s\src\hotspot\share\interpreter\linkResolver.cpp, line 784]
Event: 17.471 Thread 0x000001f8bcc7d3c0 Exception <a 'java/lang/NoSuchMethodError'{0x0000000083ff8350}: 'java.lang.Object java.lang.invoke.DirectMethodHandle$Holder.invokeStaticInit(java.lang.Object, java.lang.Object, java.lang.Object)'> (0x0000000083ff8350) 
thrown [s\src\hotspot\share\interpreter\linkResolver.cpp, line 784]
Event: 17.543 Thread 0x000001f8bcc7d3c0 Exception <a 'java/lang/NoSuchMethodError'{0x0000000083dde738}: 'java.lang.Object java.lang.invoke.DirectMethodHandle$Holder.newInvokeSpecial(java.lang.Object, java.lang.Object, java.lang.Object, java.lang.Object, java.lang.Object, java.lang.Object, java.lang.Object, java.lang.Object, java.lang.Object, java.lang.Object, java.lang.Object, java.lang.Object)'> (0x0000000083dde738) 
thrown [s\src\hotspot\share\interpreter\linkResolver.cpp, line 784]
Event: 17.544 Thread 0x000001f8bcc7d3c0 Exception <a 'java/lang/NoSuchMethodError'{0x0000000083de3e88}: 'java.lang.Object java.lang.invoke.Invokers$Holder.linkToTargetMethod(java.lang.Object, java.lang.Object, java.lang.Object, java.lang.Object, java.lang.Object, java.lang.Object, java.lang.Object, java.lang.Object, java.lang.Object, java.lang.Object, java.lang.Object, java.lang.Object)'> (0x0000000083de3e88) 
thrown [s\src\hotspot\share\interpreter\linkResolver.cpp, line 784]
Event: 17.563 Thread 0x000001f8bcc7d3c0 Exception <a 'java/lang/NoSuchMethodError'{0x0000000083c4a910}: 'java.lang.Object java.lang.invoke.DirectMethodHandle$Holder.newInvokeSpecial(java.lang.Object, java.lang.Object, java.lang.Object, java.lang.Object, java.lang.Object, java.lang.Object, java.lang.Object, java.lang.Object, java.lang.Object, java.lang.Object, java.lang.Object, java.lang.Object, java.lang.Object, java.lang.Object, java.lang.Object)'> (0x0000000083c4a910) 
thrown [s\src\hotspot\share\interpreter\linkResolver.cpp, line 784]
Event: 17.564 Thread 0x000001f8bcc7d3c0 Exception <a 'java/lang/NoSuchMethodError'{0x0000000083c50cf0}: 'java.lang.Object java.lang.invoke.DirectMethodHandle$Holder.invokeSpecial(java.lang.Object, java.lang.Object, java.lang.Object, java.lang.Object, java.lang.Object, java.lang.Object, java.lang.Object, java.lang.Object, java.lang.Object, java.lang.Object, java.lang.Object, java.lang.Object, java.lang.Object, java.lang.Object, java.lang.Object, java.lang.Object)'> (0x0000000083c50cf0) 
thrown [s\src\hotspot\share\interpreter\linkResolver.cpp, li
Event: 17.564 Thread 0x000001f8bcc7d3c0 Exception <a 'java/lang/NoSuchMethodError'{0x0000000083c56220}: 'java.lang.Object java.lang.invoke.DelegatingMethodHandle$Holder.reinvoke_L(java.lang.Object, java.lang.Object, java.lang.Object, java.lang.Object, java.lang.Object, java.lang.Object, java.lang.Object, java.lang.Object, java.lang.Object, java.lang.Object, java.lang.Object, java.lang.Object, java.lang.Object, java.lang.Object, java.lang.Object)'> (0x0000000083c56220) 
thrown [s\src\hotspot\share\interpreter\linkResolver.cpp, line 784]
Event: 17.603 Thread 0x000001f8bcc7d3c0 Exception <a 'java/lang/NoSuchMethodError'{0x0000000083bb4e20}: 'java.lang.Object java.lang.invoke.DelegatingMethodHandle$Holder.reinvoke_L(java.lang.Object, java.lang.Object, java.lang.Object, java.lang.Object, java.lang.Object, java.lang.Object, java.lang.Object, java.lang.Object, java.lang.Object, java.lang.Object, java.lang.Object, java.lang.Object, java.lang.Object, java.lang.Object, java.lang.Object, java.lang.Object, java.lang.Object, java.lang.Object, java.lang.Object, java.lang.Object, java.lang.O
Event: 17.611 Thread 0x000001f8bcc7d3c0 Exception <a 'java/lang/NoSuchMethodError'{0x0000000083a93790}: 'java.lang.Object java.lang.invoke.DirectMethodHandle$Holder.invokeStatic(java.lang.Object, java.lang.Object, java.lang.Object, java.lang.Object, java.lang.Object, java.lang.Object, java.lang.Object, java.lang.Object, java.lang.Object, java.lang.Object, java.lang.Object, java.lang.Object, java.lang.Object, java.lang.Object, java.lang.Object, java.lang.Object, java.lang.Object, java.lang.Object, java.lang.Object, java.lang.Object, java.lang.Obj
Event: 17.614 Thread 0x000001f8bcc7d3c0 Exception <a 'java/lang/NoSuchMethodError'{0x0000000083ac88c0}: 'java.lang.Object java.lang.invoke.DirectMethodHandle$Holder.invokeStatic(java.lang.Object, java.lang.Object, java.lang.Object, java.lang.Object, java.lang.Object, java.lang.Object, java.lang.Object, java.lang.Object, java.lang.Object, java.lang.Object, java.lang.Object, java.lang.Object, java.lang.Object, java.lang.Object, java.lang.Object, java.lang.Object, java.lang.Object, java.lang.Object, java.lang.Object, java.lang.Object, java.lang.Obj
Event: 17.623 Thread 0x000001f8bcc7d3c0 Exception <a 'java/lang/NoSuchMethodError'{0x000000008390c058}: 'java.lang.Object java.lang.invoke.DirectMethodHandle$Holder.invokeStatic(java.lang.Object, java.lang.Object, java.lang.Object, java.lang.Object, java.lang.Object, java.lang.Object, java.lang.Object, java.lang.Object, java.lang.Object, java.lang.Object, java.lang.Object, java.lang.Object, java.lang.Object, java.lang.Object, java.lang.Object, java.lang.Object, java.lang.Object, java.lang.Object, java.lang.Object, java.lang.Object, java.lang.Obj
Event: 17.642 Thread 0x000001f8bcc7d3c0 Exception <a 'java/lang/NoSuchMethodError'{0x000000008759fd38}: 'java.lang.Object java.lang.invoke.DirectMethodHandle$Holder.newInvokeSpecial(java.lang.Object, java.lang.Object, java.lang.Object, java.lang.Object, java.lang.Object, java.lang.Object, java.lang.Object, java.lang.Object, java.lang.Object, java.lang.Object, java.lang.Object, java.lang.Object, java.lang.Object, java.lang.Object, java.lang.Object, java.lang.Object, java.lang.Object, java.lang.Object, java.lang.Object)'> (0x000000008759fd38) 
thr
Event: 17.643 Thread 0x000001f8bcc7d3c0 Exception <a 'java/lang/NoSuchMethodError'{0x00000000875a69b8}: 'java.lang.Object java.lang.invoke.DirectMethodHandle$Holder.invokeSpecial(java.lang.Object, java.lang.Object, java.lang.Object, java.lang.Object, java.lang.Object, java.lang.Object, java.lang.Object, java.lang.Object, java.lang.Object, java.lang.Object, java.lang.Object, java.lang.Object, java.lang.Object, java.lang.Object, java.lang.Object, java.lang.Object, java.lang.Object, java.lang.Object, java.lang.Object, java.lang.Object)'> (0x0000000
Event: 17.643 Thread 0x000001f8bcc7d3c0 Exception <a 'java/lang/NoSuchMethodError'{0x00000000875ac208}: 'java.lang.Object java.lang.invoke.DelegatingMethodHandle$Holder.reinvoke_L(java.lang.Object, java.lang.Object, java.lang.Object, java.lang.Object, java.lang.Object, java.lang.Object, java.lang.Object, java.lang.Object, java.lang.Object, java.lang.Object, java.lang.Object, java.lang.Object, java.lang.Object, java.lang.Object, java.lang.Object, java.lang.Object, java.lang.Object, java.lang.Object, java.lang.Object)'> (0x00000000875ac208) 
throw
Event: 17.915 Thread 0x000001f8bcc7d3c0 Exception <a 'java/lang/IncompatibleClassChangeError'{0x000000008527c7c0}: Found class java.lang.Object, but interface was expected> (0x000000008527c7c0) 
thrown [s\src\hotspot\share\interpreter\linkResolver.cpp, line 851]
Event: 17.984 Thread 0x000001f8bcc7d3c0 Exception <a 'java/lang/IncompatibleClassChangeError'{0x00000000851c1f40}: Found class java.lang.Object, but interface was expected> (0x00000000851c1f40) 
thrown [s\src\hotspot\share\interpreter\linkResolver.cpp, line 851]
Event: 18.035 Thread 0x000001f8bcc7d3c0 Exception <a 'java/lang/NoSuchMethodError'{0x00000000850ad308}: 'void java.lang.invoke.DirectMethodHandle$Holder.invokeVirtual(java.lang.Object, java.lang.Object)'> (0x00000000850ad308) 
thrown [s\src\hotspot\share\interpreter\linkResolver.cpp, line 784]
Event: 18.231 Thread 0x000001f8bcc7d3c0 Exception <a 'java/lang/NoSuchMethodError'{0x000000008422ca30}: 'void java.lang.invoke.DirectMethodHandle$Holder.invokeStaticInit(java.lang.Object, java.lang.Object, java.lang.Object)'> (0x000000008422ca30) 
thrown [s\src\hotspot\share\interpreter\linkResolver.cpp, line 784]
Event: 18.235 Thread 0x000001f8bcc7d3c0 Exception <a 'java/lang/NoSuchMethodError'{0x0000000084251348}: 'void java.lang.invoke.DirectMethodHandle$Holder.invokeStaticInit(java.lang.Object, java.lang.Object, java.lang.Object, java.lang.Object, java.lang.Object)'> (0x0000000084251348) 
thrown [s\src\hotspot\share\interpreter\linkResolver.cpp, line 784]

ZGC Phase Switch (0 events):
No events

VM Operations (20 events):
Event: 15.237 Executing VM operation: G1PauseRemark
Event: 15.242 Executing VM operation: G1PauseRemark done
Event: 15.256 Executing VM operation: G1PauseCleanup
Event: 15.256 Executing VM operation: G1PauseCleanup done
Event: 16.217 Executing VM operation: HandshakeAllThreads (Deoptimize)
Event: 16.217 Executing VM operation: HandshakeAllThreads (Deoptimize) done
Event: 16.218 Executing VM operation: HandshakeAllThreads (Deoptimize)
Event: 16.219 Executing VM operation: HandshakeAllThreads (Deoptimize) done
Event: 16.732 Executing VM operation: G1CollectForAllocation (G1 Evacuation Pause)
Event: 16.737 Executing VM operation: G1CollectForAllocation (G1 Evacuation Pause) done
Event: 17.250 Executing VM operation: HandshakeAllThreads (Deoptimize)
Event: 17.251 Executing VM operation: HandshakeAllThreads (Deoptimize) done
Event: 17.450 Executing VM operation: HandshakeAllThreads (Deoptimize)
Event: 17.450 Executing VM operation: HandshakeAllThreads (Deoptimize) done
Event: 17.616 Executing VM operation: G1CollectForAllocation (G1 Evacuation Pause)
Event: 17.622 Executing VM operation: G1CollectForAllocation (G1 Evacuation Pause) done
Event: 17.930 Executing VM operation: HandshakeAllThreads (Deoptimize)
Event: 17.930 Executing VM operation: HandshakeAllThreads (Deoptimize) done
Event: 18.941 Executing VM operation: Cleanup
Event: 18.942 Executing VM operation: Cleanup done

Memory protections (0 events):
No events

Nmethod flushes (20 events):
Event: 15.240 Thread 0x000001f8b68907e0 flushing  nmethod 0x000001f8a1710a10
Event: 15.240 Thread 0x000001f8b68907e0 flushing  nmethod 0x000001f8a1711410
Event: 15.240 Thread 0x000001f8b68907e0 flushing  nmethod 0x000001f8a1711c10
Event: 15.240 Thread 0x000001f8b68907e0 flushing  nmethod 0x000001f8a1711f10
Event: 15.240 Thread 0x000001f8b68907e0 flushing  nmethod 0x000001f8a1712410
Event: 15.240 Thread 0x000001f8b68907e0 flushing  nmethod 0x000001f8a1712b90
Event: 15.240 Thread 0x000001f8b68907e0 flushing  nmethod 0x000001f8a1713790
Event: 15.240 Thread 0x000001f8b68907e0 flushing  nmethod 0x000001f8a17c7d90
Event: 15.240 Thread 0x000001f8b68907e0 flushing  nmethod 0x000001f8a1820110
Event: 15.240 Thread 0x000001f8b68907e0 flushing  nmethod 0x000001f8a1825890
Event: 15.240 Thread 0x000001f8b68907e0 flushing  nmethod 0x000001f8a182e810
Event: 15.240 Thread 0x000001f8b68907e0 flushing  nmethod 0x000001f8a190fe10
Event: 15.240 Thread 0x000001f8b68907e0 flushing  nmethod 0x000001f8a1913590
Event: 15.240 Thread 0x000001f8b68907e0 flushing  nmethod 0x000001f8a1a1db90
Event: 15.240 Thread 0x000001f8b68907e0 flushing  nmethod 0x000001f8a1a1e290
Event: 15.240 Thread 0x000001f8b68907e0 flushing  nmethod 0x000001f8a1a1ec90
Event: 15.240 Thread 0x000001f8b68907e0 flushing  nmethod 0x000001f8a1a20010
Event: 15.240 Thread 0x000001f8b68907e0 flushing  nmethod 0x000001f8a1a20c90
Event: 15.240 Thread 0x000001f8b68907e0 flushing  nmethod 0x000001f8a1a23f90
Event: 15.240 Thread 0x000001f8b68907e0 flushing  nmethod 0x000001f8a1a26e10

Events (20 events):
Event: 13.346 Thread 0x000001f8bcc7d3c0 Thread added: 0x000001f8bbd0b810
Event: 13.347 Thread 0x000001f8bcc7d3c0 Thread added: 0x000001f8bbd090b0
Event: 13.347 Thread 0x000001f8bcc7d3c0 Thread added: 0x000001f8bbd0a460
Event: 13.348 Thread 0x000001f8bcc7d3c0 Thread added: 0x000001f8bbd0bea0
Event: 13.349 Thread 0x000001f8bcc7d3c0 Thread added: 0x000001f8bbd09740
Event: 13.349 Thread 0x000001f8bcc7d3c0 Thread added: 0x000001f8bd0a8560
Event: 13.349 Thread 0x000001f8bcc7d3c0 Thread added: 0x000001f8bd0a7ed0
Event: 13.349 Thread 0x000001f8bcc7d3c0 Thread added: 0x000001f8bd0a8bf0
Event: 13.350 Thread 0x000001f8bcc7d3c0 Thread added: 0x000001f8bd0a9280
Event: 13.350 Thread 0x000001f8bcc7d3c0 Thread added: 0x000001f8bd0a9910
Event: 13.350 Thread 0x000001f8bcc7d3c0 Thread added: 0x000001f8bd0a9fa0
Event: 13.350 Thread 0x000001f8bcc7d3c0 Thread added: 0x000001f8bd0a6b20
Event: 14.333 Thread 0x000001f8bbec6b20 Thread exited: 0x000001f8bbec6b20
Event: 14.333 Thread 0x000001f8bbbe4330 Thread exited: 0x000001f8bbbe4330
Event: 14.982 Thread 0x000001f8b691a980 Thread added: 0x000001f8bd397a90
Event: 15.584 Thread 0x000001f8b691a980 Thread added: 0x000001f8bd3973c0
Event: 16.763 Thread 0x000001f8bd397a90 Thread exited: 0x000001f8bd397a90
Event: 17.005 Thread 0x000001f8bcc7d3c0 Thread added: 0x000001f8bd0aa630
Event: 17.377 Thread 0x000001f8bcc7d3c0 Thread added: 0x000001f8bd0a7840
Event: 17.555 Thread 0x000001f8bcc7d3c0 Thread added: 0x000001f8bd0ac700


Dynamic libraries:
0x00007ff669e10000 - 0x00007ff669e1a000 	C:\Program Files\Android\Android Studio\jbr\bin\java.exe
0x00007ff98c6e0000 - 0x00007ff98c946000 	C:\WINDOWS\SYSTEM32\ntdll.dll
0x00007ff98b750000 - 0x00007ff98b819000 	C:\WINDOWS\System32\KERNEL32.DLL
0x00007ff989f50000 - 0x00007ff98a31c000 	C:\WINDOWS\System32\KERNELBASE.dll
0x00007ff98a350000 - 0x00007ff98a49b000 	C:\WINDOWS\System32\ucrtbase.dll
0x00007ff967bf0000 - 0x00007ff967c08000 	C:\Program Files\Android\Android Studio\jbr\bin\jli.dll
0x00007ff974710000 - 0x00007ff97472b000 	C:\Program Files\Android\Android Studio\jbr\bin\VCRUNTIME140.dll
0x00007ff98c2f0000 - 0x00007ff98c4ba000 	C:\WINDOWS\System32\USER32.dll
0x00007ff98a320000 - 0x00007ff98a347000 	C:\WINDOWS\System32\win32u.dll
0x00007ff98ba10000 - 0x00007ff98ba3b000 	C:\WINDOWS\System32\GDI32.dll
0x00007ff96bec0000 - 0x00007ff96c15a000 	C:\WINDOWS\WinSxS\amd64_microsoft.windows.common-controls_6595b64144ccf1df_6.0.26100.3912_none_3e07963ce335137e\COMCTL32.dll
0x00007ff989d80000 - 0x00007ff989eb2000 	C:\WINDOWS\System32\gdi32full.dll
0x00007ff98b8e0000 - 0x00007ff98b989000 	C:\WINDOWS\System32\msvcrt.dll
0x00007ff989b50000 - 0x00007ff989bf3000 	C:\WINDOWS\System32\msvcp_win.dll
0x00007ff98a8a0000 - 0x00007ff98a8d0000 	C:\WINDOWS\System32\IMM32.DLL
0x00007ff984aa0000 - 0x00007ff984aac000 	C:\Program Files\Android\Android Studio\jbr\bin\vcruntime140_1.dll
0x00007ff94bcb0000 - 0x00007ff94bd3d000 	C:\Program Files\Android\Android Studio\jbr\bin\msvcp140.dll
0x00007ff927ae0000 - 0x00007ff92876b000 	C:\Program Files\Android\Android Studio\jbr\bin\server\jvm.dll
0x00007ff98b820000 - 0x00007ff98b8d2000 	C:\WINDOWS\System32\ADVAPI32.dll
0x00007ff98a4a0000 - 0x00007ff98a546000 	C:\WINDOWS\System32\sechost.dll
0x00007ff98a640000 - 0x00007ff98a756000 	C:\WINDOWS\System32\RPCRT4.dll
0x00007ff98b990000 - 0x00007ff98ba04000 	C:\WINDOWS\System32\WS2_32.dll
0x00007ff9896c0000 - 0x00007ff98971e000 	C:\WINDOWS\SYSTEM32\POWRPROF.dll
0x00007ff9817b0000 - 0x00007ff9817bb000 	C:\WINDOWS\SYSTEM32\VERSION.dll
0x00007ff980a90000 - 0x00007ff980ac6000 	C:\WINDOWS\SYSTEM32\WINMM.dll
0x00007ff9896a0000 - 0x00007ff9896b4000 	C:\WINDOWS\SYSTEM32\UMPDC.dll
0x00007ff988630000 - 0x00007ff98864a000 	C:\WINDOWS\SYSTEM32\kernel.appcore.dll
0x00007ff984a60000 - 0x00007ff984a6a000 	C:\Program Files\Android\Android Studio\jbr\bin\jimage.dll
0x00007ff97c220000 - 0x00007ff97c461000 	C:\WINDOWS\SYSTEM32\DBGHELP.DLL
0x00007ff98b030000 - 0x00007ff98b3b4000 	C:\WINDOWS\System32\combase.dll
0x00007ff98a550000 - 0x00007ff98a630000 	C:\WINDOWS\System32\OLEAUT32.dll
0x00007ff96dcc0000 - 0x00007ff96dcf9000 	C:\WINDOWS\SYSTEM32\dbgcore.DLL
0x00007ff989930000 - 0x00007ff9899c9000 	C:\WINDOWS\System32\bcryptPrimitives.dll
0x00007ff96b700000 - 0x00007ff96b70e000 	C:\Program Files\Android\Android Studio\jbr\bin\instrument.dll
0x00007ff96fc50000 - 0x00007ff96fc70000 	C:\Program Files\Android\Android Studio\jbr\bin\java.dll
0x00007ff96ba90000 - 0x00007ff96baa8000 	C:\Program Files\Android\Android Studio\jbr\bin\zip.dll
0x00007ff98a900000 - 0x00007ff98b02d000 	C:\WINDOWS\System32\SHELL32.dll
0x00007ff9899d0000 - 0x00007ff989b44000 	C:\WINDOWS\System32\wintypes.dll
0x00007ff9874e0000 - 0x00007ff987d36000 	C:\WINDOWS\SYSTEM32\windows.storage.dll
0x00007ff98b410000 - 0x00007ff98b4ff000 	C:\WINDOWS\System32\SHCORE.dll
0x00007ff98a770000 - 0x00007ff98a7d9000 	C:\WINDOWS\System32\shlwapi.dll
0x00007ff989780000 - 0x00007ff9897af000 	C:\WINDOWS\SYSTEM32\profapi.dll
0x00007ff9823a0000 - 0x00007ff9823b0000 	C:\Program Files\Android\Android Studio\jbr\bin\net.dll
0x00007ff982ae0000 - 0x00007ff982bfe000 	C:\WINDOWS\SYSTEM32\WINHTTP.dll
0x00007ff988ba0000 - 0x00007ff988c0a000 	C:\WINDOWS\system32\mswsock.dll
0x00007ff967e50000 - 0x00007ff967e66000 	C:\Program Files\Android\Android Studio\jbr\bin\nio.dll
0x00007ff982380000 - 0x00007ff982390000 	C:\Program Files\Android\Android Studio\jbr\bin\verify.dll
0x00007ff967a60000 - 0x00007ff967a87000 	C:\Users\david\.gradle\native\c067742578af261105cb4f569cf0c3c89f3d7b1fecec35dd04571415982c5e48\windows-amd64\native-platform.dll
0x00007ff945c40000 - 0x00007ff945d84000 	C:\Users\david\.gradle\native\100fb08df4bc3b14c8652ba06237920a3bd2aa13389f12d3474272988ae205f9\windows-amd64\native-platform-file-events.dll
0x00007ff96fed0000 - 0x00007ff96fed9000 	C:\Program Files\Android\Android Studio\jbr\bin\management.dll
0x00007ff96bb60000 - 0x00007ff96bb6b000 	C:\Program Files\Android\Android Studio\jbr\bin\management_ext.dll
0x00007ff98a8e0000 - 0x00007ff98a8e8000 	C:\WINDOWS\System32\PSAPI.DLL
0x00007ff988e50000 - 0x00007ff988e6c000 	C:\WINDOWS\SYSTEM32\CRYPTSP.dll
0x00007ff988590000 - 0x00007ff9885ca000 	C:\WINDOWS\system32\rsaenh.dll
0x00007ff988c40000 - 0x00007ff988c6b000 	C:\WINDOWS\SYSTEM32\USERENV.dll
0x00007ff989750000 - 0x00007ff989776000 	C:\WINDOWS\SYSTEM32\bcrypt.dll
0x00007ff988e40000 - 0x00007ff988e4c000 	C:\WINDOWS\SYSTEM32\CRYPTBASE.dll
0x00007ff988050000 - 0x00007ff988083000 	C:\WINDOWS\SYSTEM32\IPHLPAPI.DLL
0x00007ff98a8f0000 - 0x00007ff98a8fa000 	C:\WINDOWS\System32\NSI.dll
0x00007ff971200000 - 0x00007ff971209000 	C:\Program Files\Android\Android Studio\jbr\bin\extnet.dll
0x00007ff97e640000 - 0x00007ff97e648000 	C:\WINDOWS\system32\wshunix.dll
0x00007ff988750000 - 0x00007ff988785000 	C:\WINDOWS\SYSTEM32\ntmarta.dll

dbghelp: loaded successfully - version: 4.0.5 - missing functions: none
symbol engine: initialized successfully - sym options: 0x614 - pdb path: .;C:\Program Files\Android\Android Studio\jbr\bin;C:\WINDOWS\SYSTEM32;C:\WINDOWS\WinSxS\amd64_microsoft.windows.common-controls_6595b64144ccf1df_6.0.26100.3912_none_3e07963ce335137e;C:\Program Files\Android\Android Studio\jbr\bin\server;C:\Users\david\.gradle\native\c067742578af261105cb4f569cf0c3c89f3d7b1fecec35dd04571415982c5e48\windows-amd64;C:\Users\david\.gradle\native\100fb08df4bc3b14c8652ba06237920a3bd2aa13389f12d3474272988ae205f9\windows-amd64

VM Arguments:
jvm_args: --add-opens=java.base/java.lang=ALL-UNNAMED --add-opens=java.base/java.lang.invoke=ALL-UNNAMED --add-opens=java.base/java.util=ALL-UNNAMED --add-opens=java.prefs/java.util.prefs=ALL-UNNAMED --add-exports=jdk.compiler/com.sun.tools.javac.api=ALL-UNNAMED --add-exports=jdk.compiler/com.sun.tools.javac.util=ALL-UNNAMED --add-opens=java.base/java.util=ALL-UNNAMED --add-opens=java.prefs/java.util.prefs=ALL-UNNAMED --add-opens=java.base/java.nio.charset=ALL-UNNAMED --add-opens=java.base/java.net=ALL-UNNAMED --add-opens=java.base/java.util.concurrent.atomic=ALL-UNNAMED --add-opens=java.xml/javax.xml.namespace=ALL-UNNAMED -Xmx2048m -Dfile.encoding=UTF-8 -Duser.country=CO -Duser.language=es -Duser.variant -javaagent:C:\Users\david\.gradle\wrapper\dists\gradle-8.11.1-bin\bpt9gzteqjrbo1mjrsomdt32c\gradle-8.11.1\lib\agents\gradle-instrumentation-agent-8.11.1.jar 
java_command: org.gradle.launcher.daemon.bootstrap.GradleDaemon 8.11.1
java_class_path (initial): C:\Users\david\.gradle\wrapper\dists\gradle-8.11.1-bin\bpt9gzteqjrbo1mjrsomdt32c\gradle-8.11.1\lib\gradle-daemon-main-8.11.1.jar
Launcher Type: SUN_STANDARD

[Global flags]
     intx CICompilerCount                          = 12                                        {product} {ergonomic}
     uint ConcGCThreads                            = 3                                         {product} {ergonomic}
     uint G1ConcRefinementThreads                  = 13                                        {product} {ergonomic}
   size_t G1HeapRegionSize                         = 1048576                                   {product} {ergonomic}
    uintx GCDrainStackTargetSize                   = 64                                        {product} {ergonomic}
   size_t InitialHeapSize                          = 123731968                                 {product} {ergonomic}
   size_t MarkStackSize                            = 4194304                                   {product} {ergonomic}
   size_t MaxHeapSize                              = 2147483648                                {product} {command line}
   size_t MaxNewSize                               = 1287651328                                {product} {ergonomic}
   size_t MinHeapDeltaBytes                        = 1048576                                   {product} {ergonomic}
   size_t MinHeapSize                              = 8388608                                   {product} {ergonomic}
    uintx NonNMethodCodeHeapSize                   = 7602480                                {pd product} {ergonomic}
    uintx NonProfiledCodeHeapSize                  = 122027880                              {pd product} {ergonomic}
    uintx ProfiledCodeHeapSize                     = 122027880                              {pd product} {ergonomic}
    uintx ReservedCodeCacheSize                    = 251658240                              {pd product} {ergonomic}
     bool SegmentedCodeCache                       = true                                      {product} {ergonomic}
   size_t SoftMaxHeapSize                          = 2147483648                             {manageable} {ergonomic}
     bool UseCompressedOops                        = true                           {product lp64_product} {ergonomic}
     bool UseG1GC                                  = true                                      {product} {ergonomic}
     bool UseLargePagesIndividualAllocation        = false                                  {pd product} {ergonomic}

Logging:
Log output configuration:
 #0: stdout all=warning uptime,level,tags foldmultilines=false
 #1: stderr all=off uptime,level,tags foldmultilines=false

Environment Variables:
PATH=C:\WINDOWS\system32;C:\WINDOWS;C:\WINDOWS\System32\Wbem;C:\WINDOWS\System32\WindowsPowerShell\v1.0\;C:\WINDOWS\System32\OpenSSH\;C:\Program Files\HP\HP One Agent;C:\Program Files\nodejs\;C:\Program Files\Git\cmd;C:\Program Files\Docker\Docker\resources\bin;C:\Users\david\AppData\Local\Microsoft\WindowsApps;C:\Users\david\AppData\Local\Programs\cursor\resources\app\bin;C:\Users\david\AppData\Roaming\npm
USERNAME=david
OS=Windows_NT
PROCESSOR_IDENTIFIER=AMD64 Family 23 Model 104 Stepping 1, AuthenticAMD
TMP=C:\Users\david\AppData\Local\Temp
TEMP=C:\Users\david\AppData\Local\Temp




Periodic native trim disabled

JNI global refs:
JNI global refs: 33, weak refs: 2

JNI global refs memory usage: 835, weak refs: 833

Process memory usage:
Resident Set Size: 211920K (2% of 7681536K total physical memory with 279464K free physical memory)

OOME stack traces (most recent first):
Classloader memory used:
Loader org.gradle.internal.classloader.VisitableURLClassLoader                         : 20240K
Loader bootstrap                                                                       : 18979K
Loader org.gradle.initialization.MixInLegacyTypesClassLoader                           : 4444K
Loader org.gradle.internal.classloader.VisitableURLClassLoader                         : 734K
Loader jdk.internal.loader.ClassLoaders$PlatformClassLoader                            : 237K
Loader jdk.internal.loader.ClassLoaders$AppClassLoader                                 : 234K
Loader jdk.internal.reflect.DelegatingClassLoader                                      : 153K

Classes loaded by more than one classloader:
Class org.gradle.api.GradleException                                                  : loaded 3 times (x 78B)
Class org.gradle.internal.classloader.FilteringClassLoader                            : loaded 2 times (x 101B)
Class org.gradle.internal.classloader.ClassLoaderHierarchy                            : loaded 2 times (x 66B)
Class org.gradle.api.internal.classpath.ManifestUtil                                  : loaded 2 times (x 67B)
Class org.gradle.internal.operations.MultipleBuildOperationFailures                   : loaded 2 times (x 91B)
Class org.gradle.internal.classloader.DefaultClassLoaderFactory                       : loaded 2 times (x 78B)
Class org.gradle.internal.classloader.ClassLoaderVisitor                              : loaded 2 times (x 72B)
Class org.gradle.api.internal.classpath.EffectiveClassPath                            : loaded 2 times (x 86B)
Class org.gradle.api.internal.DefaultClassPathProvider                                : loaded 2 times (x 72B)
Class [Lorg.gradle.api.internal.ClassPathProvider;                                    : loaded 2 times (x 65B)
Class org.gradle.api.internal.ClassPathProvider                                       : loaded 2 times (x 66B)
Class org.gradle.internal.service.UnknownServiceException                             : loaded 2 times (x 79B)
Class org.gradle.internal.classpath.TransformedClassPath                              : loaded 2 times (x 92B)
Class org.gradle.internal.classloader.InstrumentingClassLoader                        : loaded 2 times (x 66B)
Class org.gradle.internal.service.ServiceLocator                                      : loaded 2 times (x 66B)
Class org.gradle.internal.InternalTransformer                                         : loaded 2 times (x 66B)
Class org.gradle.internal.time.DefaultTimer                                           : loaded 2 times (x 76B)
Class org.gradle.internal.classloader.ClasspathUtil$1                                 : loaded 2 times (x 72B)
Class org.gradle.api.internal.classpath.DefaultModuleRegistry$DefaultModule           : loaded 2 times (x 82B)
Class org.gradle.internal.time.DefaultCountdownTimer                                  : loaded 2 times (x 84B)
Class kotlin.Function                                                                 : loaded 2 times (x 66B)
Class org.gradle.api.internal.classpath.Module                                        : loaded 2 times (x 66B)
Class org.gradle.api.internal.classpath.UnknownModuleException                        : loaded 2 times (x 78B)
Class org.gradle.api.internal.DefaultClassPathRegistry                                : loaded 2 times (x 72B)
Class org.gradle.api.internal.ClassPathRegistry                                       : loaded 2 times (x 66B)
Class org.gradle.internal.classpath.DefaultClassPath$ImmutableUniqueList              : loaded 2 times (x 195B)
Class org.gradle.internal.classpath.ClassPath                                         : loaded 2 times (x 66B)
Class org.gradle.api.UncheckedIOException                                             : loaded 2 times (x 78B)
Class kotlin.UninitializedPropertyAccessException                                     : loaded 2 times (x 78B)
Class org.gradle.internal.installation.GradleInstallation$1                           : loaded 2 times (x 71B)
Class org.gradle.api.internal.classpath.ModuleRegistry                                : loaded 2 times (x 66B)
Class org.gradle.api.internal.classpath.DefaultModuleRegistry                         : loaded 2 times (x 82B)
Class org.gradle.internal.time.MonotonicClock                                         : loaded 2 times (x 73B)
Class org.gradle.internal.service.ServiceLookupException                              : loaded 2 times (x 78B)
Class org.gradle.internal.classloader.ClassLoaderFactory                              : loaded 2 times (x 66B)
Class org.gradle.internal.service.CachingServiceLocator                               : loaded 2 times (x 78B)
Class org.gradle.internal.time.TimeSource                                             : loaded 2 times (x 66B)
Class org.gradle.internal.exceptions.ResolutionProvider                               : loaded 2 times (x 66B)
Class org.gradle.internal.classloader.ClasspathUtil                                   : loaded 2 times (x 67B)
Class org.gradle.internal.time.TimeSource$1                                           : loaded 2 times (x 73B)
Class org.gradle.api.specs.Spec                                                       : loaded 2 times (x 66B)
Class org.gradle.internal.time.Clock                                                  : loaded 2 times (x 66B)
Class org.gradle.internal.classloader.VisitableURLClassLoader$InstrumentingVisitableURLClassLoader: loaded 2 times (x 119B)
Class org.gradle.internal.classloader.VisitableURLClassLoader$Spec                    : loaded 2 times (x 70B)
Class org.gradle.internal.classpath.DefaultClassPath                                  : loaded 2 times (x 86B)
Class org.gradle.internal.classloader.ClassLoaderSpec                                 : loaded 2 times (x 67B)
Class org.gradle.internal.classloader.VisitableURLClassLoader                         : loaded 2 times (x 113B)
Class org.gradle.internal.Cast                                                        : loaded 2 times (x 67B)
Class org.gradle.api.Action                                                           : loaded 2 times (x 66B)
Class kotlin.jvm.functions.Function1                                                  : loaded 2 times (x 66B)
Class org.gradle.internal.classpath.DefaultClassPath$ImmutableUniqueList$Builder      : loaded 2 times (x 71B)
Class kotlin.NotImplementedError                                                      : loaded 2 times (x 78B)
Class org.gradle.internal.exceptions.NonGradleCauseExceptionsHolder                   : loaded 2 times (x 66B)
Class org.gradle.internal.IoActions                                                   : loaded 2 times (x 67B)
Class org.gradle.internal.classloader.SystemClassLoaderSpec                           : loaded 2 times (x 67B)
Class org.gradle.internal.exceptions.MultiCauseException                              : loaded 2 times (x 66B)
Class org.gradle.internal.time.CountdownTimer                                         : loaded 2 times (x 66B)
Class kotlin.jvm.internal.Intrinsics                                                  : loaded 2 times (x 67B)
Class org.gradle.tooling.model.ProjectModel                                           : loaded 2 times (x 66B)
Class kotlin.KotlinNullPointerException                                               : loaded 2 times (x 79B)
Class org.gradle.internal.exceptions.DefaultMultiCauseException                       : loaded 2 times (x 91B)
Class org.gradle.internal.time.Time                                                   : loaded 2 times (x 67B)
Class org.gradle.api.internal.classpath.GlobalCacheRootsProvider                      : loaded 2 times (x 66B)
Class org.gradle.internal.time.Timer                                                  : loaded 2 times (x 66B)
Class org.gradle.internal.installation.CurrentGradleInstallationLocator               : loaded 2 times (x 67B)
Class org.gradle.internal.service.DefaultServiceLocator                               : loaded 2 times (x 79B)
Class org.gradle.util.GradleVersion                                                   : loaded 2 times (x 79B)
Class org.gradle.internal.installation.CurrentGradleInstallation                      : loaded 2 times (x 69B)
Class org.gradle.util.internal.GUtil                                                  : loaded 2 times (x 67B)
Class org.gradle.internal.installation.GradleInstallation                             : loaded 2 times (x 71B)

---------------  S Y S T E M  ---------------

OS:
 Windows 11 , 64 bit Build 26100 (10.0.26100.3912)
OS uptime: 1 days 11:09 hours
Hyper-V role detected

CPU: total 16 (initial active 16) (16 cores per cpu, 2 threads per core) family 23 model 104 stepping 1 microcode 0x8608107, cx8, cmov, fxsr, ht, mmx, 3dnowpref, sse, sse2, sse3, ssse3, sse4a, sse4.1, sse4.2, popcnt, lzcnt, tsc, tscinvbit, avx, avx2, aes, clmul, bmi1, bmi2, adx, sha, fma, vzeroupper, clflush, clflushopt, hv, rdtscp, rdpid, f16c
Processor Information for the first 16 processors :
  Max Mhz: 1801, Current Mhz: 1801, Mhz Limit: 1801

Memory: 4k page, system-wide physical 7501M (272M free)
TotalPageFile size 30029M (AvailPageFile size 7M)
current process WorkingSet (physical memory assigned to process): 207M, peak: 207M
current process commit charge ("private bytes"): 290M, peak: 292M

vm_info: OpenJDK 64-Bit Server VM (21.0.6+-13368085-b895.109) for windows-amd64 JRE (21.0.6+-13368085-b895.109), built on 2025-04-16T17:01:31Z by "builder" with MS VC++ 16.10 / 16.11 (VS2019)

END.
